2022-11-09 14:08:59,909 - root - INFO - ****************开始接口类测试******************
2022-11-09 14:08:59,911 - root - INFO - ****************开始接口测试********************
2022-11-09 14:08:59,912 - root - INFO - ****************创建业务池接口开始****************
2022-11-09 14:08:59,912 - root - INFO - *******测试案例名称： TestCase001_业务池管理-新建业务池-缺少token 执行开始********
2022-11-09 14:08:59,913 - root - INFO - *******测试数据： {'name': 'AutoAPI_BP', 'description': '自动化脚本创建的业务池', 'limits_cpu': '2', 'limits_memory': '2', 'limits_networks': '2', 'limits_disk': '20', 'limits_instances': '2', 'share_store': '20', 'restricted_containers_privilege': 'unprivileged', 'restricted_devices_nic': 'managed', 'restricted_containers_nesting': 'block', 'restricted_devices_disk': 'block', 'restricted_devices_gpu': 'block', 'restricted_devices_usb': 'block', 'restricted_devices_pci': 'block', 'restricted_devices_unix_block': 'block', 'restricted_backups': 'allow', 'backups_compression_algorithm': 'xz', 'restricted_snapshots': 'allow', 'restricted': 'true', 'single_storage_pool': 'false', 'restricted_containers_interception': 'block'}
2022-11-09 14:08:59,921 - root - INFO - *******返回数据： {'code': 1005, 'message': '缺少认证信息', 'data': None, 'level': 3}
2022-11-09 14:08:59,922 - root - INFO - *******测试案例名称： TestCase001_业务池管理-新建业务池-缺少token 执行完毕********
2022-11-09 14:08:59,922 - root - INFO - ****************创建业务池接口结束****************
2022-11-09 14:08:59,923 - root - INFO - ****************结束接口测试********************
2022-11-09 14:08:59,924 - root - INFO - ****************开始接口测试********************
2022-11-09 14:08:59,924 - root - INFO - ****************创建业务池接口开始****************
2022-11-09 14:08:59,925 - root - INFO - *******测试案例名称： TestCase002_业务池管理-新建业务池-成功 执行开始********
2022-11-09 14:08:59,930 - root - INFO - *******测试数据： {'name': '-_-业务池AutoAPI_BP1_rand_544', 'description': '自动化脚本创建的业务池_配置业务池最大限度基本描述为200字符_自动化脚本创建的业务池_配置业务池最大限度基本描述为200字符_自动化脚本创建的业务池_配置业务池最大限度基本描述为200字符_自动化脚本创建的业务池_配置业务池最大限度基本描述为200字符_自动化脚本创建的业务池_配置业务池最大限度基本描述为200字符_自动化脚本创建的业务池_配置业务池最大限度基本描述为200字符_自动化脚本创建的', 'limits_cpu': '9999', 'limits_memory': '999999999', 'limits_networks': '9999', 'limits_disk': '999999999', 'limits_instances': '9999', 'share_store': '999999999', 'restricted_containers_privilege': 'unprivileged', 'restricted_devices_nic': 'managed', 'restricted_containers_nesting': 'block', 'restricted_devices_disk': 'block', 'restricted_devices_gpu': 'block', 'restricted_devices_usb': 'block', 'restricted_devices_pci': 'block', 'restricted_devices_unix_block': 'block', 'restricted_backups': 'allow', 'backups_compression_algorithm': 'xz', 'restricted_snapshots': 'allow', 'restricted': 'true', 'single_storage_pool': 'false', 'restricted_containers_interception': 'block'}
2022-11-09 14:09:00,661 - root - INFO - *******返回数据： {'code': 0, 'message': 'success', 'data': {'config': {'backups.compression_algorithm': 'xz', 'features.images': 'false', 'features.networks': 'true', 'features.profiles': 'true', 'features.storage.volumes': 'true', 'limits.cpu': '9999', 'limits.disk': '999999999GB', 'limits.instances': '9999', 'limits.memory': '999999999GB', 'limits.networks': '9999', 'restricted': 'true', 'restricted.backups': 'allow', 'restricted.containers.lowlevel': 'allow', 'restricted.containers.nesting': 'block', 'restricted.containers.privilege': 'unprivileged', 'restricted.devices.disk': 'block', 'restricted.devices.gpu': 'block', 'restricted.devices.nic': 'managed', 'restricted.devices.pci': 'block', 'restricted.devices.unix-block': 'block', 'restricted.devices.usb': 'block', 'restricted.snapshots': 'allow', 'user.created_at': '2022-11-09T14:09:00', 'user.created_by': 'ID: 31 >>> name: admin', 'user.name': '-_-业务池AutoAPI_BP1_rand_544', 'user.share_store': '999999999', 'user.single_storage_pool': 'false', 'config': {}, 'id': None, 'name': None, 'created_at': '2022-11-09T14:09:01', 'created_by': None}, 'description': '自动化脚本创建的业务池_配置业务池最大限度基本描述为200字符_自动化脚本创建的业务池_配置业务池最大限度基本描述为200字符_自动化脚本创建的业务池_配置业务池最大限度基本描述为200字符_自动化脚本创建的业务池_配置业务池最大限度基本描述为200字符_自动化脚本创建的业务池_配置业务池最大限度基本描述为200字符_自动化脚本创建的业务池_配置业务池最大限度基本描述为200字符_自动化脚本创建的', 'name': '7289b2574fff45598dc9175f56526f66', 'used_by': ['/1.0/profiles/default?project=7289b2574fff45598dc9175f56526f66']}}
2022-11-09 14:09:00,662 - root - INFO - *******测试案例名称： TestCase002_业务池管理-新建业务池-成功 执行完毕********
2022-11-09 14:09:00,662 - root - INFO - ****************创建业务池接口结束****************
2022-11-09 14:09:00,663 - root - INFO - ****************结束接口测试********************
2022-11-09 14:09:00,664 - root - INFO - ****************开始接口测试********************
2022-11-09 14:09:00,664 - root - INFO - ****************创建业务池接口开始****************
2022-11-09 14:09:00,665 - root - INFO - *******测试案例名称： TestCase003_业务池管理-新建业务池-重名 执行开始********
2022-11-09 14:09:00,665 - root - INFO - *******测试数据： {'name': 'default', 'description': '自动化脚本创建的业务池', 'limits_cpu': '2', 'limits_memory': '2', 'limits_networks': '2', 'limits_disk': '20', 'limits_instances': '2', 'share_store': '20', 'restricted_containers_privilege': 'unprivileged', 'restricted_devices_nic': 'managed', 'restricted_containers_nesting': 'block', 'restricted_devices_disk': 'block', 'restricted_devices_gpu': 'block', 'restricted_devices_usb': 'block', 'restricted_devices_pci': 'block', 'restricted_devices_unix_block': 'block', 'restricted_backups': 'allow', 'backups_compression_algorithm': 'xz', 'restricted_snapshots': 'allow', 'restricted': 'true', 'single_storage_pool': 'false', 'restricted_containers_interception': 'block'}
2022-11-09 14:09:00,799 - root - INFO - *******返回数据： {'code': 201018, 'message': '池已存在', 'data': None, 'level': 3}
2022-11-09 14:09:00,800 - root - INFO - *******测试案例名称： TestCase003_业务池管理-新建业务池-重名 执行完毕********
2022-11-09 14:09:00,801 - root - INFO - ****************创建业务池接口结束****************
2022-11-09 14:09:00,801 - root - INFO - ****************结束接口测试********************
2022-11-09 14:09:00,802 - root - INFO - ****************开始接口测试********************
2022-11-09 14:09:00,802 - root - INFO - ****************创建业务池接口开始****************
2022-11-09 14:09:00,803 - root - INFO - *******测试案例名称： TestCase004_业务池管理-新建业务池-名称为空 执行开始********
2022-11-09 14:09:00,805 - root - INFO - *******测试数据： {'name': '', 'description': '自动化脚本创建的业务池', 'limits_cpu': '2', 'limits_memory': '2', 'limits_networks': '2', 'limits_disk': '20', 'limits_instances': '2', 'share_store': '20', 'restricted_containers_privilege': 'unprivileged', 'restricted_devices_nic': 'managed', 'restricted_containers_nesting': 'block', 'restricted_devices_disk': 'block', 'restricted_devices_gpu': 'block', 'restricted_devices_usb': 'block', 'restricted_devices_pci': 'block', 'restricted_devices_unix_block': 'block', 'restricted_backups': 'allow', 'backups_compression_algorithm': 'xz', 'restricted_snapshots': 'allow', 'restricted': 'true', 'single_storage_pool': 'false', 'restricted_containers_interception': 'block'}
2022-11-09 14:09:00,831 - root - INFO - *******返回数据： {'code': 1001, 'message': '请求参数错误', 'data': {'name': ['This field may not be blank.']}, 'level': 2}
2022-11-09 14:09:00,831 - root - INFO - *******测试案例名称： TestCase004_业务池管理-新建业务池-名称为空 执行完毕********
2022-11-09 14:09:00,832 - root - INFO - ****************创建业务池接口结束****************
2022-11-09 14:09:00,833 - root - INFO - ****************结束接口测试********************
2022-11-09 14:09:00,833 - root - INFO - ****************开始接口测试********************
2022-11-09 14:09:00,834 - root - INFO - ****************创建业务池接口开始****************
2022-11-09 14:09:00,834 - root - INFO - *******测试案例名称： TestCase005_业务池管理-新建业务池-名称大于32个字符 执行开始********
2022-11-09 14:09:00,836 - root - INFO - *******测试数据： {'name': 'busiPoolNameIsOver32CharsbusiPoolNameIsOver32CharsbusiPoolNameIsOver32CharsbusiPoolNameIsOver32CharsbusiPoolNameIsOver32CharsbusiPoolNameIsOver32Chars', 'description': '自动化脚本创建的业务池', 'limits_cpu': '2', 'limits_memory': '2', 'limits_networks': '2', 'limits_disk': '20', 'limits_instances': '2', 'share_store': '20', 'restricted_containers_privilege': 'unprivileged', 'restricted_devices_nic': 'managed', 'restricted_containers_nesting': 'block', 'restricted_devices_disk': 'block', 'restricted_devices_gpu': 'block', 'restricted_devices_usb': 'block', 'restricted_devices_pci': 'block', 'restricted_devices_unix_block': 'block', 'restricted_backups': 'allow', 'backups_compression_algorithm': 'xz', 'restricted_snapshots': 'allow', 'restricted': 'true', 'single_storage_pool': 'false', 'restricted_containers_interception': 'block'}
2022-11-09 14:09:00,847 - root - INFO - *******返回数据： {'code': 1001, 'message': '请求参数错误', 'data': {'name': ['Ensure this field has no more than 32 characters.']}, 'level': 2}
2022-11-09 14:09:00,848 - root - INFO - *******测试案例名称： TestCase005_业务池管理-新建业务池-名称大于32个字符 执行完毕********
2022-11-09 14:09:00,849 - root - INFO - ****************创建业务池接口结束****************
2022-11-09 14:09:00,849 - root - INFO - ****************结束接口测试********************
2022-11-09 14:09:00,852 - root - INFO - ****************开始接口测试********************
2022-11-09 14:09:00,853 - root - INFO - ****************创建业务池接口开始****************
2022-11-09 14:09:00,853 - root - INFO - *******测试案例名称： TestCase006_业务池管理-新建业务池-CPU为空 执行开始********
2022-11-09 14:09:00,854 - root - INFO - *******测试数据： {'name': 'AutoAPI_BP', 'description': '自动化脚本创建的业务池', 'limits_cpu': '', 'limits_memory': '2', 'limits_networks': '2', 'limits_disk': '20', 'limits_instances': '2', 'share_store': '20', 'restricted_containers_privilege': 'unprivileged', 'restricted_devices_nic': 'managed', 'restricted_containers_nesting': 'block', 'restricted_devices_disk': 'block', 'restricted_devices_gpu': 'block', 'restricted_devices_usb': 'block', 'restricted_devices_pci': 'block', 'restricted_devices_unix_block': 'block', 'restricted_backups': 'allow', 'backups_compression_algorithm': 'xz', 'restricted_snapshots': 'allow', 'restricted': 'true', 'single_storage_pool': 'false', 'restricted_containers_interception': 'block'}
2022-11-09 14:09:00,865 - root - INFO - *******返回数据： {'code': 1001, 'message': '请求参数错误', 'data': {'limits_cpu': ['A valid integer is required.']}, 'level': 2}
2022-11-09 14:09:00,866 - root - INFO - *******测试案例名称： TestCase006_业务池管理-新建业务池-CPU为空 执行完毕********
2022-11-09 14:09:00,867 - root - INFO - ****************创建业务池接口结束****************
2022-11-09 14:09:00,868 - root - INFO - ****************结束接口测试********************
2022-11-09 14:09:00,869 - root - INFO - ****************开始接口测试********************
2022-11-09 14:09:00,870 - root - INFO - ****************创建业务池接口开始****************
2022-11-09 14:09:00,870 - root - INFO - *******测试案例名称： TestCase007_业务池管理-新建业务池-CPU小于1 执行开始********
2022-11-09 14:09:00,871 - root - INFO - *******测试数据： {'name': 'AutoAPI_BP', 'description': '自动化脚本创建的业务池', 'limits_cpu': '0', 'limits_memory': '2', 'limits_networks': '2', 'limits_disk': '20', 'limits_instances': '2', 'share_store': '20', 'restricted_containers_privilege': 'unprivileged', 'restricted_devices_nic': 'managed', 'restricted_containers_nesting': 'block', 'restricted_devices_disk': 'block', 'restricted_devices_gpu': 'block', 'restricted_devices_usb': 'block', 'restricted_devices_pci': 'block', 'restricted_devices_unix_block': 'block', 'restricted_backups': 'allow', 'backups_compression_algorithm': 'xz', 'restricted_snapshots': 'allow', 'restricted': 'true', 'single_storage_pool': 'false', 'restricted_containers_interception': 'block'}
2022-11-09 14:09:00,897 - root - INFO - *******返回数据： {'code': 1001, 'message': '请求参数错误', 'data': {'limits_cpu': ['Ensure this value is greater than or equal to 1.']}, 'level': 2}
2022-11-09 14:09:00,897 - root - INFO - *******测试案例名称： TestCase007_业务池管理-新建业务池-CPU小于1 执行完毕********
2022-11-09 14:09:00,898 - root - INFO - ****************创建业务池接口结束****************
2022-11-09 14:09:00,898 - root - INFO - ****************结束接口测试********************
2022-11-09 14:09:00,899 - root - INFO - ****************开始接口测试********************
2022-11-09 14:09:00,900 - root - INFO - ****************创建业务池接口开始****************
2022-11-09 14:09:00,900 - root - INFO - *******测试案例名称： TestCase008_业务池管理-新建业务池-CPU大于9999 执行开始********
2022-11-09 14:09:00,901 - root - INFO - *******测试数据： {'name': '-_-业务池AutoAPI_BP1', 'description': '自动化脚本创建的业务池', 'limits_cpu': '10000', 'limits_memory': '2', 'limits_networks': '2', 'limits_disk': '20', 'limits_instances': '2', 'share_store': '20', 'restricted_containers_privilege': 'unprivileged', 'restricted_devices_nic': 'managed', 'restricted_containers_nesting': 'block', 'restricted_devices_disk': 'block', 'restricted_devices_gpu': 'block', 'restricted_devices_usb': 'block', 'restricted_devices_pci': 'block', 'restricted_devices_unix_block': 'block', 'restricted_backups': 'allow', 'backups_compression_algorithm': 'xz', 'restricted_snapshots': 'allow', 'restricted': 'true', 'single_storage_pool': 'false', 'restricted_containers_interception': 'block'}
2022-11-09 14:09:00,912 - root - INFO - *******返回数据： {'code': 1001, 'message': '请求参数错误', 'data': {'limits_cpu': ['Ensure this value is less than or equal to 9999.']}, 'level': 2}
2022-11-09 14:09:00,913 - root - INFO - *******测试案例名称： TestCase008_业务池管理-新建业务池-CPU大于9999 执行完毕********
2022-11-09 14:09:00,913 - root - INFO - ****************创建业务池接口结束****************
2022-11-09 14:09:00,915 - root - INFO - ****************结束接口测试********************
2022-11-09 14:09:00,916 - root - INFO - ****************开始接口测试********************
2022-11-09 14:09:00,917 - root - INFO - ****************创建业务池接口开始****************
2022-11-09 14:09:00,917 - root - INFO - *******测试案例名称： TestCase009_业务池管理-新建业务池-CPU为汉字 执行开始********
2022-11-09 14:09:00,918 - root - INFO - *******测试数据： {'name': '-_-业务池AutoAPI_BP1', 'description': '自动化脚本创建的业务池', 'limits_cpu': '汉字', 'limits_memory': '2', 'limits_networks': '2', 'limits_disk': '20', 'limits_instances': '2', 'share_store': '21', 'restricted_containers_privilege': 'unprivileged', 'restricted_devices_nic': 'managed', 'restricted_containers_nesting': 'block', 'restricted_devices_disk': 'block', 'restricted_devices_gpu': 'block', 'restricted_devices_usb': 'block', 'restricted_devices_pci': 'block', 'restricted_devices_unix_block': 'block', 'restricted_backups': 'allow', 'backups_compression_algorithm': 'xz', 'restricted_snapshots': 'allow', 'restricted': 'true', 'single_storage_pool': 'false', 'restricted_containers_interception': 'block'}
2022-11-09 14:09:00,941 - root - INFO - *******返回数据： {'code': 1001, 'message': '请求参数错误', 'data': {'limits_cpu': ['A valid integer is required.']}, 'level': 2}
2022-11-09 14:09:00,941 - root - INFO - *******测试案例名称： TestCase009_业务池管理-新建业务池-CPU为汉字 执行完毕********
2022-11-09 14:09:00,942 - root - INFO - ****************创建业务池接口结束****************
2022-11-09 14:09:00,942 - root - INFO - ****************结束接口测试********************
2022-11-09 14:09:00,943 - root - INFO - ****************开始接口测试********************
2022-11-09 14:09:00,944 - root - INFO - ****************创建业务池接口开始****************
2022-11-09 14:09:00,944 - root - INFO - *******测试案例名称： TestCase010_业务池管理-新建业务池-CPU为特殊字符 执行开始********
2022-11-09 14:09:00,946 - root - INFO - *******测试数据： {'name': '-_-业务池AutoAPI_BP1', 'description': '自动化脚本创建的业务池', 'limits_cpu': '_$^%%^&%', 'limits_memory': '2', 'limits_networks': '2', 'limits_disk': '20', 'limits_instances': '2', 'share_store': '22', 'restricted_containers_privilege': 'unprivileged', 'restricted_devices_nic': 'managed', 'restricted_containers_nesting': 'block', 'restricted_devices_disk': 'block', 'restricted_devices_gpu': 'block', 'restricted_devices_usb': 'block', 'restricted_devices_pci': 'block', 'restricted_devices_unix_block': 'block', 'restricted_backups': 'allow', 'backups_compression_algorithm': 'xz', 'restricted_snapshots': 'allow', 'restricted': 'true', 'single_storage_pool': 'false', 'restricted_containers_interception': 'block'}
2022-11-09 14:09:00,959 - root - INFO - *******返回数据： {'code': 1001, 'message': '请求参数错误', 'data': {'limits_cpu': ['A valid integer is required.']}, 'level': 2}
2022-11-09 14:09:00,959 - root - INFO - *******测试案例名称： TestCase010_业务池管理-新建业务池-CPU为特殊字符 执行完毕********
2022-11-09 14:09:00,960 - root - INFO - ****************创建业务池接口结束****************
2022-11-09 14:09:00,960 - root - INFO - ****************结束接口测试********************
2022-11-09 14:09:00,961 - root - INFO - ****************开始接口测试********************
2022-11-09 14:09:00,962 - root - INFO - ****************创建业务池接口开始****************
2022-11-09 14:09:00,963 - root - INFO - *******测试案例名称： TestCase011_业务池管理-新建业务池-CPU为小数 执行开始********
2022-11-09 14:09:00,963 - root - INFO - *******测试数据： {'name': '-_-业务池AutoAPI_BP1', 'description': '自动化脚本创建的业务池', 'limits_cpu': '2.56', 'limits_memory': '2', 'limits_networks': '2', 'limits_disk': '20', 'limits_instances': '2', 'share_store': '23', 'restricted_containers_privilege': 'unprivileged', 'restricted_devices_nic': 'managed', 'restricted_containers_nesting': 'block', 'restricted_devices_disk': 'block', 'restricted_devices_gpu': 'block', 'restricted_devices_usb': 'block', 'restricted_devices_pci': 'block', 'restricted_devices_unix_block': 'block', 'restricted_backups': 'allow', 'backups_compression_algorithm': 'xz', 'restricted_snapshots': 'allow', 'restricted': 'true', 'single_storage_pool': 'false', 'restricted_containers_interception': 'block'}
2022-11-09 14:09:00,974 - root - INFO - *******返回数据： {'code': 1001, 'message': '请求参数错误', 'data': {'limits_cpu': ['A valid integer is required.']}, 'level': 2}
2022-11-09 14:09:00,975 - root - INFO - *******测试案例名称： TestCase011_业务池管理-新建业务池-CPU为小数 执行完毕********
2022-11-09 14:09:00,975 - root - INFO - ****************创建业务池接口结束****************
2022-11-09 14:09:00,978 - root - INFO - ****************结束接口测试********************
2022-11-09 14:09:00,979 - root - INFO - ****************开始接口测试********************
2022-11-09 14:09:00,979 - root - INFO - ****************创建业务池接口开始****************
2022-11-09 14:09:00,980 - root - INFO - *******测试案例名称： TestCase012_业务池管理-新建业务池-CPU为负数 执行开始********
2022-11-09 14:09:00,981 - root - INFO - *******测试数据： {'name': '-_-业务池AutoAPI_BP1', 'description': '自动化脚本创建的业务池', 'limits_cpu': '-2', 'limits_memory': '2', 'limits_networks': '2', 'limits_disk': '20', 'limits_instances': '2', 'share_store': '24', 'restricted_containers_privilege': 'unprivileged', 'restricted_devices_nic': 'managed', 'restricted_containers_nesting': 'block', 'restricted_devices_disk': 'block', 'restricted_devices_gpu': 'block', 'restricted_devices_usb': 'block', 'restricted_devices_pci': 'block', 'restricted_devices_unix_block': 'block', 'restricted_backups': 'allow', 'backups_compression_algorithm': 'xz', 'restricted_snapshots': 'allow', 'restricted': 'true', 'single_storage_pool': 'false', 'restricted_containers_interception': 'block'}
2022-11-09 14:09:01,005 - root - INFO - *******返回数据： {'code': 1001, 'message': '请求参数错误', 'data': {'limits_cpu': ['Ensure this value is greater than or equal to 1.']}, 'level': 2}
2022-11-09 14:09:01,005 - root - INFO - *******测试案例名称： TestCase012_业务池管理-新建业务池-CPU为负数 执行完毕********
2022-11-09 14:09:01,006 - root - INFO - ****************创建业务池接口结束****************
2022-11-09 14:09:01,006 - root - INFO - ****************结束接口测试********************
2022-11-09 14:09:01,007 - root - INFO - ****************开始接口测试********************
2022-11-09 14:09:01,008 - root - INFO - ****************创建业务池接口开始****************
2022-11-09 14:09:01,008 - root - INFO - *******测试案例名称： TestCase013_业务池管理-新建业务池-内存为空 执行开始********
2022-11-09 14:09:01,010 - root - INFO - *******测试数据： {'name': '-_-业务池AutoAPI_BP1', 'description': '自动化脚本创建的业务池', 'limits_cpu': '2', 'limits_memory': '', 'limits_networks': '2', 'limits_disk': '20', 'limits_instances': '2', 'share_store': '25', 'restricted_containers_privilege': 'unprivileged', 'restricted_devices_nic': 'managed', 'restricted_containers_nesting': 'block', 'restricted_devices_disk': 'block', 'restricted_devices_gpu': 'block', 'restricted_devices_usb': 'block', 'restricted_devices_pci': 'block', 'restricted_devices_unix_block': 'block', 'restricted_backups': 'allow', 'backups_compression_algorithm': 'xz', 'restricted_snapshots': 'allow', 'restricted': 'true', 'single_storage_pool': 'false', 'restricted_containers_interception': 'block'}
2022-11-09 14:09:01,022 - root - INFO - *******返回数据： {'code': 1001, 'message': '请求参数错误', 'data': {'limits_memory': ['A valid integer is required.']}, 'level': 2}
2022-11-09 14:09:01,022 - root - INFO - *******测试案例名称： TestCase013_业务池管理-新建业务池-内存为空 执行完毕********
2022-11-09 14:09:01,023 - root - INFO - ****************创建业务池接口结束****************
2022-11-09 14:09:01,024 - root - INFO - ****************结束接口测试********************
2022-11-09 14:09:01,026 - root - INFO - ****************开始接口测试********************
2022-11-09 14:09:01,027 - root - INFO - ****************创建业务池接口开始****************
2022-11-09 14:09:01,027 - root - INFO - *******测试案例名称： TestCase014_业务池管理-新建业务池-内存小于1 执行开始********
2022-11-09 14:09:01,028 - root - INFO - *******测试数据： {'name': '-_-业务池AutoAPI_BP1', 'description': '自动化脚本创建的业务池', 'limits_cpu': '2', 'limits_memory': '0', 'limits_networks': '2', 'limits_disk': '20', 'limits_instances': '2', 'share_store': '26', 'restricted_containers_privilege': 'unprivileged', 'restricted_devices_nic': 'managed', 'restricted_containers_nesting': 'block', 'restricted_devices_disk': 'block', 'restricted_devices_gpu': 'block', 'restricted_devices_usb': 'block', 'restricted_devices_pci': 'block', 'restricted_devices_unix_block': 'block', 'restricted_backups': 'allow', 'backups_compression_algorithm': 'xz', 'restricted_snapshots': 'allow', 'restricted': 'true', 'single_storage_pool': 'false', 'restricted_containers_interception': 'block'}
2022-11-09 14:09:01,039 - root - INFO - *******返回数据： {'code': 1001, 'message': '请求参数错误', 'data': {'limits_memory': ['Ensure this value is greater than or equal to 1.']}, 'level': 2}
2022-11-09 14:09:01,040 - root - INFO - *******测试案例名称： TestCase014_业务池管理-新建业务池-内存小于1 执行完毕********
2022-11-09 14:09:01,041 - root - INFO - ****************创建业务池接口结束****************
2022-11-09 14:09:01,042 - root - INFO - ****************结束接口测试********************
2022-11-09 14:09:01,042 - root - INFO - ****************开始接口测试********************
2022-11-09 14:09:01,043 - root - INFO - ****************创建业务池接口开始****************
2022-11-09 14:09:01,044 - root - INFO - *******测试案例名称： TestCase015_业务池管理-新建业务池-内存大于999999999 执行开始********
2022-11-09 14:09:01,044 - root - INFO - *******测试数据： {'name': '-_-业务池AutoAPI_BP1', 'description': '自动化脚本创建的业务池', 'limits_cpu': '2', 'limits_memory': '1000000000', 'limits_networks': '2', 'limits_disk': '20', 'limits_instances': '2', 'share_store': '27', 'restricted_containers_privilege': 'unprivileged', 'restricted_devices_nic': 'managed', 'restricted_containers_nesting': 'block', 'restricted_devices_disk': 'block', 'restricted_devices_gpu': 'block', 'restricted_devices_usb': 'block', 'restricted_devices_pci': 'block', 'restricted_devices_unix_block': 'block', 'restricted_backups': 'allow', 'backups_compression_algorithm': 'xz', 'restricted_snapshots': 'allow', 'restricted': 'true', 'single_storage_pool': 'false', 'restricted_containers_interception': 'block'}
2022-11-09 14:09:01,067 - root - INFO - *******返回数据： {'code': 1001, 'message': '请求参数错误', 'data': {'limits_memory': ['Ensure this value is less than or equal to 999999999.']}, 'level': 2}
2022-11-09 14:09:01,067 - root - INFO - *******测试案例名称： TestCase015_业务池管理-新建业务池-内存大于999999999 执行完毕********
2022-11-09 14:09:01,068 - root - INFO - ****************创建业务池接口结束****************
2022-11-09 14:09:01,068 - root - INFO - ****************结束接口测试********************
2022-11-09 14:09:01,069 - root - INFO - ****************开始接口测试********************
2022-11-09 14:09:01,070 - root - INFO - ****************创建业务池接口开始****************
2022-11-09 14:09:01,071 - root - INFO - *******测试案例名称： TestCase016_业务池管理-新建业务池-内存为汉字 执行开始********
2022-11-09 14:09:01,072 - root - INFO - *******测试数据： {'name': '-_-业务池AutoAPI_BP1', 'description': '自动化脚本创建的业务池', 'limits_cpu': '2', 'limits_memory': '汉字内存', 'limits_networks': '2', 'limits_disk': '20', 'limits_instances': '2', 'share_store': '28', 'restricted_containers_privilege': 'unprivileged', 'restricted_devices_nic': 'managed', 'restricted_containers_nesting': 'block', 'restricted_devices_disk': 'block', 'restricted_devices_gpu': 'block', 'restricted_devices_usb': 'block', 'restricted_devices_pci': 'block', 'restricted_devices_unix_block': 'block', 'restricted_backups': 'allow', 'backups_compression_algorithm': 'xz', 'restricted_snapshots': 'allow', 'restricted': 'true', 'single_storage_pool': 'false', 'restricted_containers_interception': 'block'}
2022-11-09 14:09:01,082 - root - INFO - *******返回数据： {'code': 1001, 'message': '请求参数错误', 'data': {'limits_memory': ['A valid integer is required.']}, 'level': 2}
2022-11-09 14:09:01,083 - root - INFO - *******测试案例名称： TestCase016_业务池管理-新建业务池-内存为汉字 执行完毕********
2022-11-09 14:09:01,084 - root - INFO - ****************创建业务池接口结束****************
2022-11-09 14:09:01,084 - root - INFO - ****************结束接口测试********************
2022-11-09 14:09:01,087 - root - INFO - ****************开始接口测试********************
2022-11-09 14:09:01,088 - root - INFO - ****************创建业务池接口开始****************
2022-11-09 14:09:01,088 - root - INFO - *******测试案例名称： TestCase017_业务池管理-新建业务池-内存为特殊字符 执行开始********
2022-11-09 14:09:01,089 - root - INFO - *******测试数据： {'name': '-_-业务池AutoAPI_BP1', 'description': '自动化脚本创建的业务池', 'limits_cpu': '2', 'limits_memory': '@￥#%￥%', 'limits_networks': '2', 'limits_disk': '20', 'limits_instances': '2', 'share_store': '29', 'restricted_containers_privilege': 'unprivileged', 'restricted_devices_nic': 'managed', 'restricted_containers_nesting': 'block', 'restricted_devices_disk': 'block', 'restricted_devices_gpu': 'block', 'restricted_devices_usb': 'block', 'restricted_devices_pci': 'block', 'restricted_devices_unix_block': 'block', 'restricted_backups': 'allow', 'backups_compression_algorithm': 'xz', 'restricted_snapshots': 'allow', 'restricted': 'true', 'single_storage_pool': 'false', 'restricted_containers_interception': 'block'}
2022-11-09 14:09:01,100 - root - INFO - *******返回数据： {'code': 1001, 'message': '请求参数错误', 'data': {'limits_memory': ['A valid integer is required.']}, 'level': 2}
2022-11-09 14:09:01,103 - root - INFO - *******测试案例名称： TestCase017_业务池管理-新建业务池-内存为特殊字符 执行完毕********
2022-11-09 14:09:01,104 - root - INFO - ****************创建业务池接口结束****************
2022-11-09 14:09:01,104 - root - INFO - ****************结束接口测试********************
2022-11-09 14:09:01,105 - root - INFO - ****************开始接口测试********************
2022-11-09 14:09:01,106 - root - INFO - ****************创建业务池接口开始****************
2022-11-09 14:09:01,106 - root - INFO - *******测试案例名称： TestCase018_业务池管理-新建业务池-内存为小数 执行开始********
2022-11-09 14:09:01,119 - root - INFO - *******测试数据： {'name': '-_-业务池AutoAPI_BP1', 'description': '自动化脚本创建的业务池', 'limits_cpu': '2', 'limits_memory': '2.36', 'limits_networks': '2', 'limits_disk': '20', 'limits_instances': '2', 'share_store': '30', 'restricted_containers_privilege': 'unprivileged', 'restricted_devices_nic': 'managed', 'restricted_containers_nesting': 'block', 'restricted_devices_disk': 'block', 'restricted_devices_gpu': 'block', 'restricted_devices_usb': 'block', 'restricted_devices_pci': 'block', 'restricted_devices_unix_block': 'block', 'restricted_backups': 'allow', 'backups_compression_algorithm': 'xz', 'restricted_snapshots': 'allow', 'restricted': 'true', 'single_storage_pool': 'false', 'restricted_containers_interception': 'block'}
2022-11-09 14:09:01,130 - root - INFO - *******返回数据： {'code': 1001, 'message': '请求参数错误', 'data': {'limits_memory': ['A valid integer is required.']}, 'level': 2}
2022-11-09 14:09:01,131 - root - INFO - *******测试案例名称： TestCase018_业务池管理-新建业务池-内存为小数 执行完毕********
2022-11-09 14:09:01,132 - root - INFO - ****************创建业务池接口结束****************
2022-11-09 14:09:01,132 - root - INFO - ****************结束接口测试********************
2022-11-09 14:09:01,135 - root - INFO - ****************开始接口测试********************
2022-11-09 14:09:01,136 - root - INFO - ****************创建业务池接口开始****************
2022-11-09 14:09:01,136 - root - INFO - *******测试案例名称： TestCase019_业务池管理-新建业务池-内存为负数 执行开始********
2022-11-09 14:09:01,137 - root - INFO - *******测试数据： {'name': '-_-业务池AutoAPI_BP1', 'description': '自动化脚本创建的业务池', 'limits_cpu': '2', 'limits_memory': '-2', 'limits_networks': '2', 'limits_disk': '20', 'limits_instances': '2', 'share_store': '31', 'restricted_containers_privilege': 'unprivileged', 'restricted_devices_nic': 'managed', 'restricted_containers_nesting': 'block', 'restricted_devices_disk': 'block', 'restricted_devices_gpu': 'block', 'restricted_devices_usb': 'block', 'restricted_devices_pci': 'block', 'restricted_devices_unix_block': 'block', 'restricted_backups': 'allow', 'backups_compression_algorithm': 'xz', 'restricted_snapshots': 'allow', 'restricted': 'true', 'single_storage_pool': 'false', 'restricted_containers_interception': 'block'}
2022-11-09 14:09:01,149 - root - INFO - *******返回数据： {'code': 1001, 'message': '请求参数错误', 'data': {'limits_memory': ['Ensure this value is greater than or equal to 1.']}, 'level': 2}
2022-11-09 14:09:01,150 - root - INFO - *******测试案例名称： TestCase019_业务池管理-新建业务池-内存为负数 执行完毕********
2022-11-09 14:09:01,150 - root - INFO - ****************创建业务池接口结束****************
2022-11-09 14:09:01,151 - root - INFO - ****************结束接口测试********************
2022-11-09 14:09:01,152 - root - INFO - ****************开始接口测试********************
2022-11-09 14:09:01,152 - root - INFO - ****************创建业务池接口开始****************
2022-11-09 14:09:01,153 - root - INFO - *******测试案例名称： TestCase020_业务池管理-新建业务池-云组件个数为空 执行开始********
2022-11-09 14:09:01,165 - root - INFO - *******测试数据： {'name': '-_-业务池AutoAPI_BP1', 'description': '自动化脚本创建的业务池', 'limits_cpu': '2', 'limits_memory': '2', 'limits_networks': '2', 'limits_disk': '20', 'limits_instances': '', 'share_store': '25', 'restricted_containers_privilege': 'unprivileged', 'restricted_devices_nic': 'managed', 'restricted_containers_nesting': 'block', 'restricted_devices_disk': 'block', 'restricted_devices_gpu': 'block', 'restricted_devices_usb': 'block', 'restricted_devices_pci': 'block', 'restricted_devices_unix_block': 'block', 'restricted_backups': 'allow', 'backups_compression_algorithm': 'xz', 'restricted_snapshots': 'allow', 'restricted': 'true', 'single_storage_pool': 'false', 'restricted_containers_interception': 'block'}
2022-11-09 14:09:01,179 - root - INFO - *******返回数据： {'code': 1001, 'message': '请求参数错误', 'data': {'limits_instances': ['A valid integer is required.']}, 'level': 2}
2022-11-09 14:09:01,179 - root - INFO - *******测试案例名称： TestCase020_业务池管理-新建业务池-云组件个数为空 执行完毕********
2022-11-09 14:09:01,180 - root - INFO - ****************创建业务池接口结束****************
2022-11-09 14:09:01,181 - root - INFO - ****************结束接口测试********************
2022-11-09 14:09:01,181 - root - INFO - ****************开始接口测试********************
2022-11-09 14:09:01,182 - root - INFO - ****************创建业务池接口开始****************
2022-11-09 14:09:01,183 - root - INFO - *******测试案例名称： TestCase021_业务池管理-新建业务池-云组件个数小于1 执行开始********
2022-11-09 14:09:01,196 - root - INFO - *******测试数据： {'name': '-_-业务池AutoAPI_BP1', 'description': '自动化脚本创建的业务池', 'limits_cpu': '2', 'limits_memory': '2', 'limits_networks': '2', 'limits_disk': '20', 'limits_instances': '0', 'share_store': '26', 'restricted_containers_privilege': 'unprivileged', 'restricted_devices_nic': 'managed', 'restricted_containers_nesting': 'block', 'restricted_devices_disk': 'block', 'restricted_devices_gpu': 'block', 'restricted_devices_usb': 'block', 'restricted_devices_pci': 'block', 'restricted_devices_unix_block': 'block', 'restricted_backups': 'allow', 'backups_compression_algorithm': 'xz', 'restricted_snapshots': 'allow', 'restricted': 'true', 'single_storage_pool': 'false', 'restricted_containers_interception': 'block'}
2022-11-09 14:09:01,207 - root - INFO - *******返回数据： {'code': 1001, 'message': '请求参数错误', 'data': {'limits_instances': ['Ensure this value is greater than or equal to 1.']}, 'level': 2}
2022-11-09 14:09:01,208 - root - INFO - *******测试案例名称： TestCase021_业务池管理-新建业务池-云组件个数小于1 执行完毕********
2022-11-09 14:09:01,208 - root - INFO - ****************创建业务池接口结束****************
2022-11-09 14:09:01,209 - root - INFO - ****************结束接口测试********************
2022-11-09 14:09:01,212 - root - INFO - ****************开始接口测试********************
2022-11-09 14:09:01,213 - root - INFO - ****************创建业务池接口开始****************
2022-11-09 14:09:01,213 - root - INFO - *******测试案例名称： TestCase022_业务池管理-新建业务池-云组件个数大于9999 执行开始********
2022-11-09 14:09:01,214 - root - INFO - *******测试数据： {'name': '-_-业务池AutoAPI_BP1', 'description': '自动化脚本创建的业务池', 'limits_cpu': '2', 'limits_memory': '2', 'limits_networks': '2', 'limits_disk': '20', 'limits_instances': '10000', 'share_store': '27', 'restricted_containers_privilege': 'unprivileged', 'restricted_devices_nic': 'managed', 'restricted_containers_nesting': 'block', 'restricted_devices_disk': 'block', 'restricted_devices_gpu': 'block', 'restricted_devices_usb': 'block', 'restricted_devices_pci': 'block', 'restricted_devices_unix_block': 'block', 'restricted_backups': 'allow', 'backups_compression_algorithm': 'xz', 'restricted_snapshots': 'allow', 'restricted': 'true', 'single_storage_pool': 'false', 'restricted_containers_interception': 'block'}
2022-11-09 14:09:01,224 - root - INFO - *******返回数据： {'code': 1001, 'message': '请求参数错误', 'data': {'limits_instances': ['Ensure this value is less than or equal to 9999.']}, 'level': 2}
2022-11-09 14:09:01,225 - root - INFO - *******测试案例名称： TestCase022_业务池管理-新建业务池-云组件个数大于9999 执行完毕********
2022-11-09 14:09:01,228 - root - INFO - ****************创建业务池接口结束****************
2022-11-09 14:09:01,229 - root - INFO - ****************结束接口测试********************
2022-11-09 14:09:01,229 - root - INFO - ****************开始接口测试********************
2022-11-09 14:09:01,230 - root - INFO - ****************创建业务池接口开始****************
2022-11-09 14:09:01,231 - root - INFO - *******测试案例名称： TestCase023_业务池管理-新建业务池-云组件个数为汉字 执行开始********
2022-11-09 14:09:01,231 - root - INFO - *******测试数据： {'name': '-_-业务池AutoAPI_BP1', 'description': '自动化脚本创建的业务池', 'limits_cpu': '2', 'limits_memory': '2', 'limits_networks': '2', 'limits_disk': '20', 'limits_instances': '汉字云组件个数', 'share_store': '28', 'restricted_containers_privilege': 'unprivileged', 'restricted_devices_nic': 'managed', 'restricted_containers_nesting': 'block', 'restricted_devices_disk': 'block', 'restricted_devices_gpu': 'block', 'restricted_devices_usb': 'block', 'restricted_devices_pci': 'block', 'restricted_devices_unix_block': 'block', 'restricted_backups': 'allow', 'backups_compression_algorithm': 'xz', 'restricted_snapshots': 'allow', 'restricted': 'true', 'single_storage_pool': 'false', 'restricted_containers_interception': 'block'}
2022-11-09 14:09:01,254 - root - INFO - *******返回数据： {'code': 1001, 'message': '请求参数错误', 'data': {'limits_instances': ['A valid integer is required.']}, 'level': 2}
2022-11-09 14:09:01,255 - root - INFO - *******测试案例名称： TestCase023_业务池管理-新建业务池-云组件个数为汉字 执行完毕********
2022-11-09 14:09:01,256 - root - INFO - ****************创建业务池接口结束****************
2022-11-09 14:09:01,256 - root - INFO - ****************结束接口测试********************
2022-11-09 14:09:01,257 - root - INFO - ****************开始接口测试********************
2022-11-09 14:09:01,257 - root - INFO - ****************创建业务池接口开始****************
2022-11-09 14:09:01,261 - root - INFO - *******测试案例名称： TestCase024_业务池管理-新建业务池-云组件个数为特殊字符 执行开始********
2022-11-09 14:09:01,261 - root - INFO - *******测试数据： {'name': '-_-业务池AutoAPI_BP1', 'description': '自动化脚本创建的业务池', 'limits_cpu': '2', 'limits_memory': '2', 'limits_networks': '2', 'limits_disk': '20', 'limits_instances': '@￥#%￥%', 'share_store': '29', 'restricted_containers_privilege': 'unprivileged', 'restricted_devices_nic': 'managed', 'restricted_containers_nesting': 'block', 'restricted_devices_disk': 'block', 'restricted_devices_gpu': 'block', 'restricted_devices_usb': 'block', 'restricted_devices_pci': 'block', 'restricted_devices_unix_block': 'block', 'restricted_backups': 'allow', 'backups_compression_algorithm': 'xz', 'restricted_snapshots': 'allow', 'restricted': 'true', 'single_storage_pool': 'false', 'restricted_containers_interception': 'block'}
2022-11-09 14:09:01,271 - root - INFO - *******返回数据： {'code': 1001, 'message': '请求参数错误', 'data': {'limits_instances': ['A valid integer is required.']}, 'level': 2}
2022-11-09 14:09:01,272 - root - INFO - *******测试案例名称： TestCase024_业务池管理-新建业务池-云组件个数为特殊字符 执行完毕********
2022-11-09 14:09:01,272 - root - INFO - ****************创建业务池接口结束****************
2022-11-09 14:09:01,273 - root - INFO - ****************结束接口测试********************
2022-11-09 14:09:01,276 - root - INFO - ****************开始接口测试********************
2022-11-09 14:09:01,277 - root - INFO - ****************创建业务池接口开始****************
2022-11-09 14:09:01,277 - root - INFO - *******测试案例名称： TestCase025_业务池管理-新建业务池-云组件个数为小数 执行开始********
2022-11-09 14:09:01,278 - root - INFO - *******测试数据： {'name': '-_-业务池AutoAPI_BP1', 'description': '自动化脚本创建的业务池', 'limits_cpu': '2', 'limits_memory': '2', 'limits_networks': '2', 'limits_disk': '20', 'limits_instances': '2.36', 'share_store': '30', 'restricted_containers_privilege': 'unprivileged', 'restricted_devices_nic': 'managed', 'restricted_containers_nesting': 'block', 'restricted_devices_disk': 'block', 'restricted_devices_gpu': 'block', 'restricted_devices_usb': 'block', 'restricted_devices_pci': 'block', 'restricted_devices_unix_block': 'block', 'restricted_backups': 'allow', 'backups_compression_algorithm': 'xz', 'restricted_snapshots': 'allow', 'restricted': 'true', 'single_storage_pool': 'false', 'restricted_containers_interception': 'block'}
2022-11-09 14:09:01,289 - root - INFO - *******返回数据： {'code': 1001, 'message': '请求参数错误', 'data': {'limits_instances': ['A valid integer is required.']}, 'level': 2}
2022-11-09 14:09:01,292 - root - INFO - *******测试案例名称： TestCase025_业务池管理-新建业务池-云组件个数为小数 执行完毕********
2022-11-09 14:09:01,293 - root - INFO - ****************创建业务池接口结束****************
2022-11-09 14:09:01,293 - root - INFO - ****************结束接口测试********************
2022-11-09 14:09:01,294 - root - INFO - ****************开始接口测试********************
2022-11-09 14:09:01,295 - root - INFO - ****************创建业务池接口开始****************
2022-11-09 14:09:01,295 - root - INFO - *******测试案例名称： TestCase026_业务池管理-新建业务池-云组件个数为负数 执行开始********
2022-11-09 14:09:01,308 - root - INFO - *******测试数据： {'name': '-_-业务池AutoAPI_BP1', 'description': '自动化脚本创建的业务池', 'limits_cpu': '2', 'limits_memory': '2', 'limits_networks': '2', 'limits_disk': '20', 'limits_instances': '-2', 'share_store': '31', 'restricted_containers_privilege': 'unprivileged', 'restricted_devices_nic': 'managed', 'restricted_containers_nesting': 'block', 'restricted_devices_disk': 'block', 'restricted_devices_gpu': 'block', 'restricted_devices_usb': 'block', 'restricted_devices_pci': 'block', 'restricted_devices_unix_block': 'block', 'restricted_backups': 'allow', 'backups_compression_algorithm': 'xz', 'restricted_snapshots': 'allow', 'restricted': 'true', 'single_storage_pool': 'false', 'restricted_containers_interception': 'block'}
2022-11-09 14:09:01,319 - root - INFO - *******返回数据： {'code': 1001, 'message': '请求参数错误', 'data': {'limits_instances': ['Ensure this value is greater than or equal to 1.']}, 'level': 2}
2022-11-09 14:09:01,319 - root - INFO - *******测试案例名称： TestCase026_业务池管理-新建业务池-云组件个数为负数 执行完毕********
2022-11-09 14:09:01,320 - root - INFO - ****************创建业务池接口结束****************
2022-11-09 14:09:01,320 - root - INFO - ****************结束接口测试********************
2022-11-09 14:09:01,323 - root - INFO - ****************开始接口测试********************
2022-11-09 14:09:01,324 - root - INFO - ****************创建业务池接口开始****************
2022-11-09 14:09:01,324 - root - INFO - *******测试案例名称： TestCase027_业务池管理-新建业务池-网络个数为空 执行开始********
2022-11-09 14:09:01,325 - root - INFO - *******测试数据： {'name': '-_-业务池AutoAPI_BP1', 'description': '自动化脚本创建的业务池', 'limits_cpu': '2', 'limits_memory': '2', 'limits_networks': '', 'limits_disk': '20', 'limits_instances': '2', 'share_store': '25', 'restricted_containers_privilege': 'unprivileged', 'restricted_devices_nic': 'managed', 'restricted_containers_nesting': 'block', 'restricted_devices_disk': 'block', 'restricted_devices_gpu': 'block', 'restricted_devices_usb': 'block', 'restricted_devices_pci': 'block', 'restricted_devices_unix_block': 'block', 'restricted_backups': 'allow', 'backups_compression_algorithm': 'xz', 'restricted_snapshots': 'allow', 'restricted': 'true', 'single_storage_pool': 'false', 'restricted_containers_interception': 'block'}
2022-11-09 14:09:01,336 - root - INFO - *******返回数据： {'code': 1001, 'message': '请求参数错误', 'data': {'limits_networks': ['A valid integer is required.']}, 'level': 2}
2022-11-09 14:09:01,336 - root - INFO - *******测试案例名称： TestCase027_业务池管理-新建业务池-网络个数为空 执行完毕********
2022-11-09 14:09:01,338 - root - INFO - ****************创建业务池接口结束****************
2022-11-09 14:09:01,339 - root - INFO - ****************结束接口测试********************
2022-11-09 14:09:01,340 - root - INFO - ****************开始接口测试********************
2022-11-09 14:09:01,340 - root - INFO - ****************创建业务池接口开始****************
2022-11-09 14:09:01,341 - root - INFO - *******测试案例名称： TestCase028_业务池管理-新建业务池-网络个数小于1 执行开始********
2022-11-09 14:09:01,341 - root - INFO - *******测试数据： {'name': '-_-业务池AutoAPI_BP1', 'description': '自动化脚本创建的业务池', 'limits_cpu': '2', 'limits_memory': '2', 'limits_networks': '0', 'limits_disk': '20', 'limits_instances': '2', 'share_store': '26', 'restricted_containers_privilege': 'unprivileged', 'restricted_devices_nic': 'managed', 'restricted_containers_nesting': 'block', 'restricted_devices_disk': 'block', 'restricted_devices_gpu': 'block', 'restricted_devices_usb': 'block', 'restricted_devices_pci': 'block', 'restricted_devices_unix_block': 'block', 'restricted_backups': 'allow', 'backups_compression_algorithm': 'xz', 'restricted_snapshots': 'allow', 'restricted': 'true', 'single_storage_pool': 'false', 'restricted_containers_interception': 'block'}
2022-11-09 14:09:01,365 - root - INFO - *******返回数据： {'code': 1001, 'message': '请求参数错误', 'data': {'limits_networks': ['Ensure this value is greater than or equal to 1.']}, 'level': 2}
2022-11-09 14:09:01,366 - root - INFO - *******测试案例名称： TestCase028_业务池管理-新建业务池-网络个数小于1 执行完毕********
2022-11-09 14:09:01,367 - root - INFO - ****************创建业务池接口结束****************
2022-11-09 14:09:01,367 - root - INFO - ****************结束接口测试********************
2022-11-09 14:09:01,368 - root - INFO - ****************开始接口测试********************
2022-11-09 14:09:01,368 - root - INFO - ****************创建业务池接口开始****************
2022-11-09 14:09:01,369 - root - INFO - *******测试案例名称： TestCase029_业务池管理-新建业务池-网络个数大于9999 执行开始********
2022-11-09 14:09:01,370 - root - INFO - *******测试数据： {'name': '-_-业务池AutoAPI_BP1', 'description': '自动化脚本创建的业务池', 'limits_cpu': '2', 'limits_memory': '2', 'limits_networks': '10000', 'limits_disk': '20', 'limits_instances': '2', 'share_store': '27', 'restricted_containers_privilege': 'unprivileged', 'restricted_devices_nic': 'managed', 'restricted_containers_nesting': 'block', 'restricted_devices_disk': 'block', 'restricted_devices_gpu': 'block', 'restricted_devices_usb': 'block', 'restricted_devices_pci': 'block', 'restricted_devices_unix_block': 'block', 'restricted_backups': 'allow', 'backups_compression_algorithm': 'xz', 'restricted_snapshots': 'allow', 'restricted': 'true', 'single_storage_pool': 'false', 'restricted_containers_interception': 'block'}
2022-11-09 14:09:01,380 - root - INFO - *******返回数据： {'code': 1001, 'message': '请求参数错误', 'data': {'limits_networks': ['Ensure this value is less than or equal to 9999.']}, 'level': 2}
2022-11-09 14:09:01,381 - root - INFO - *******测试案例名称： TestCase029_业务池管理-新建业务池-网络个数大于9999 执行完毕********
2022-11-09 14:09:01,382 - root - INFO - ****************创建业务池接口结束****************
2022-11-09 14:09:01,382 - root - INFO - ****************结束接口测试********************
2022-11-09 14:09:01,386 - root - INFO - ****************开始接口测试********************
2022-11-09 14:09:01,386 - root - INFO - ****************创建业务池接口开始****************
2022-11-09 14:09:01,387 - root - INFO - *******测试案例名称： TestCase030_业务池管理-新建业务池-网络个数为汉字 执行开始********
2022-11-09 14:09:01,388 - root - INFO - *******测试数据： {'name': '-_-业务池AutoAPI_BP1', 'description': '自动化脚本创建的业务池', 'limits_cpu': '2', 'limits_memory': '2', 'limits_networks': '汉字网络个数', 'limits_disk': '20', 'limits_instances': '2', 'share_store': '28', 'restricted_containers_privilege': 'unprivileged', 'restricted_devices_nic': 'managed', 'restricted_containers_nesting': 'block', 'restricted_devices_disk': 'block', 'restricted_devices_gpu': 'block', 'restricted_devices_usb': 'block', 'restricted_devices_pci': 'block', 'restricted_devices_unix_block': 'block', 'restricted_backups': 'allow', 'backups_compression_algorithm': 'xz', 'restricted_snapshots': 'allow', 'restricted': 'true', 'single_storage_pool': 'false', 'restricted_containers_interception': 'block'}
2022-11-09 14:09:01,399 - root - INFO - *******返回数据： {'code': 1001, 'message': '请求参数错误', 'data': {'limits_networks': ['A valid integer is required.']}, 'level': 2}
2022-11-09 14:09:01,401 - root - INFO - *******测试案例名称： TestCase030_业务池管理-新建业务池-网络个数为汉字 执行完毕********
2022-11-09 14:09:01,402 - root - INFO - ****************创建业务池接口结束****************
2022-11-09 14:09:01,402 - root - INFO - ****************结束接口测试********************
2022-11-09 14:09:01,403 - root - INFO - ****************开始接口测试********************
2022-11-09 14:09:01,404 - root - INFO - ****************创建业务池接口开始****************
2022-11-09 14:09:01,404 - root - INFO - *******测试案例名称： TestCase031_业务池管理-新建业务池-网络个数为特殊字符 执行开始********
2022-11-09 14:09:01,418 - root - INFO - *******测试数据： {'name': '-_-业务池AutoAPI_BP1', 'description': '自动化脚本创建的业务池', 'limits_cpu': '2', 'limits_memory': '2', 'limits_networks': '@￥#%￥%', 'limits_disk': '20', 'limits_instances': '2', 'share_store': '29', 'restricted_containers_privilege': 'unprivileged', 'restricted_devices_nic': 'managed', 'restricted_containers_nesting': 'block', 'restricted_devices_disk': 'block', 'restricted_devices_gpu': 'block', 'restricted_devices_usb': 'block', 'restricted_devices_pci': 'block', 'restricted_devices_unix_block': 'block', 'restricted_backups': 'allow', 'backups_compression_algorithm': 'xz', 'restricted_snapshots': 'allow', 'restricted': 'true', 'single_storage_pool': 'false', 'restricted_containers_interception': 'block'}
2022-11-09 14:09:01,436 - root - INFO - *******返回数据： {'code': 1001, 'message': '请求参数错误', 'data': {'limits_networks': ['A valid integer is required.']}, 'level': 2}
2022-11-09 14:09:01,437 - root - INFO - *******测试案例名称： TestCase031_业务池管理-新建业务池-网络个数为特殊字符 执行完毕********
2022-11-09 14:09:01,437 - root - INFO - ****************创建业务池接口结束****************
2022-11-09 14:09:01,438 - root - INFO - ****************结束接口测试********************
2022-11-09 14:09:01,439 - root - INFO - ****************开始接口测试********************
2022-11-09 14:09:01,439 - root - INFO - ****************创建业务池接口开始****************
2022-11-09 14:09:01,448 - root - INFO - *******测试案例名称： TestCase032_业务池管理-新建业务池-网络个数为小数 执行开始********
2022-11-09 14:09:01,449 - root - INFO - *******测试数据： {'name': '-_-业务池AutoAPI_BP1', 'description': '自动化脚本创建的业务池', 'limits_cpu': '2', 'limits_memory': '2', 'limits_networks': '2.56', 'limits_disk': '20', 'limits_instances': '2', 'share_store': '30', 'restricted_containers_privilege': 'unprivileged', 'restricted_devices_nic': 'managed', 'restricted_containers_nesting': 'block', 'restricted_devices_disk': 'block', 'restricted_devices_gpu': 'block', 'restricted_devices_usb': 'block', 'restricted_devices_pci': 'block', 'restricted_devices_unix_block': 'block', 'restricted_backups': 'allow', 'backups_compression_algorithm': 'xz', 'restricted_snapshots': 'allow', 'restricted': 'true', 'single_storage_pool': 'false', 'restricted_containers_interception': 'block'}
2022-11-09 14:09:01,461 - root - INFO - *******返回数据： {'code': 1001, 'message': '请求参数错误', 'data': {'limits_networks': ['A valid integer is required.']}, 'level': 2}
2022-11-09 14:09:01,462 - root - INFO - *******测试案例名称： TestCase032_业务池管理-新建业务池-网络个数为小数 执行完毕********
2022-11-09 14:09:01,462 - root - INFO - ****************创建业务池接口结束****************
2022-11-09 14:09:01,463 - root - INFO - ****************结束接口测试********************
2022-11-09 14:09:01,464 - root - INFO - ****************开始接口测试********************
2022-11-09 14:09:01,465 - root - INFO - ****************创建业务池接口开始****************
2022-11-09 14:09:01,466 - root - INFO - *******测试案例名称： TestCase033_业务池管理-新建业务池-网络个数为负数 执行开始********
2022-11-09 14:09:01,467 - root - INFO - *******测试数据： {'name': '-_-业务池AutoAPI_BP1', 'description': '自动化脚本创建的业务池', 'limits_cpu': '2', 'limits_memory': '2', 'limits_networks': '-2', 'limits_disk': '20', 'limits_instances': '2', 'share_store': '31', 'restricted_containers_privilege': 'unprivileged', 'restricted_devices_nic': 'managed', 'restricted_containers_nesting': 'block', 'restricted_devices_disk': 'block', 'restricted_devices_gpu': 'block', 'restricted_devices_usb': 'block', 'restricted_devices_pci': 'block', 'restricted_devices_unix_block': 'block', 'restricted_backups': 'allow', 'backups_compression_algorithm': 'xz', 'restricted_snapshots': 'allow', 'restricted': 'true', 'single_storage_pool': 'false', 'restricted_containers_interception': 'block'}
2022-11-09 14:09:01,479 - root - INFO - *******返回数据： {'code': 1001, 'message': '请求参数错误', 'data': {'limits_networks': ['Ensure this value is greater than or equal to 1.']}, 'level': 2}
2022-11-09 14:09:01,480 - root - INFO - *******测试案例名称： TestCase033_业务池管理-新建业务池-网络个数为负数 执行完毕********
2022-11-09 14:09:01,480 - root - INFO - ****************创建业务池接口结束****************
2022-11-09 14:09:01,481 - root - INFO - ****************结束接口测试********************
2022-11-09 14:09:01,482 - root - INFO - ****************开始接口测试********************
2022-11-09 14:09:01,482 - root - INFO - ****************创建业务池接口开始****************
2022-11-09 14:09:01,495 - root - INFO - *******测试案例名称： TestCase034_业务池管理-新建业务池-硬盘空间为空 执行开始********
2022-11-09 14:09:01,496 - root - INFO - *******测试数据： {'name': '-_-业务池AutoAPI_BP1', 'description': '自动化脚本创建的业务池', 'limits_cpu': '2', 'limits_memory': '', 'limits_networks': '2', 'limits_disk': '', 'limits_instances': '2', 'share_store': '25', 'restricted_containers_privilege': 'unprivileged', 'restricted_devices_nic': 'managed', 'restricted_containers_nesting': 'block', 'restricted_devices_disk': 'block', 'restricted_devices_gpu': 'block', 'restricted_devices_usb': 'block', 'restricted_devices_pci': 'block', 'restricted_devices_unix_block': 'block', 'restricted_backups': 'allow', 'backups_compression_algorithm': 'xz', 'restricted_snapshots': 'allow', 'restricted': 'true', 'single_storage_pool': 'false', 'restricted_containers_interception': 'block'}
2022-11-09 14:09:01,508 - root - INFO - *******返回数据： {'code': 1001, 'message': '请求参数错误', 'data': {'limits_memory': ['A valid integer is required.'], 'limits_disk': ['A valid integer is required.']}, 'level': 2}
2022-11-09 14:09:01,508 - root - INFO - *******测试案例名称： TestCase034_业务池管理-新建业务池-硬盘空间为空 执行完毕********
2022-11-09 14:09:01,509 - root - INFO - ****************创建业务池接口结束****************
2022-11-09 14:09:01,509 - root - INFO - ****************结束接口测试********************
2022-11-09 14:09:01,511 - root - INFO - ****************开始接口测试********************
2022-11-09 14:09:01,512 - root - INFO - ****************创建业务池接口开始****************
2022-11-09 14:09:01,513 - root - INFO - *******测试案例名称： TestCase035_业务池管理-新建业务池-硬盘空间小于1 执行开始********
2022-11-09 14:09:01,513 - root - INFO - *******测试数据： {'name': '-_-业务池AutoAPI_BP1', 'description': '自动化脚本创建的业务池', 'limits_cpu': '2', 'limits_memory': '2', 'limits_networks': '2', 'limits_disk': '0', 'limits_instances': '2', 'share_store': '26', 'restricted_containers_privilege': 'unprivileged', 'restricted_devices_nic': 'managed', 'restricted_containers_nesting': 'block', 'restricted_devices_disk': 'block', 'restricted_devices_gpu': 'block', 'restricted_devices_usb': 'block', 'restricted_devices_pci': 'block', 'restricted_devices_unix_block': 'block', 'restricted_backups': 'allow', 'backups_compression_algorithm': 'xz', 'restricted_snapshots': 'allow', 'restricted': 'true', 'single_storage_pool': 'false', 'restricted_containers_interception': 'block'}
2022-11-09 14:09:01,524 - root - INFO - *******返回数据： {'code': 1001, 'message': '请求参数错误', 'data': {'limits_disk': ['Ensure this value is greater than or equal to 1.']}, 'level': 2}
2022-11-09 14:09:01,526 - root - INFO - *******测试案例名称： TestCase035_业务池管理-新建业务池-硬盘空间小于1 执行完毕********
2022-11-09 14:09:01,527 - root - INFO - ****************创建业务池接口结束****************
2022-11-09 14:09:01,528 - root - INFO - ****************结束接口测试********************
2022-11-09 14:09:01,529 - root - INFO - ****************开始接口测试********************
2022-11-09 14:09:01,529 - root - INFO - ****************创建业务池接口开始****************
2022-11-09 14:09:01,530 - root - INFO - *******测试案例名称： TestCase036_业务池管理-新建业务池-硬盘空间大于999999999 执行开始********
2022-11-09 14:09:01,541 - root - INFO - *******测试数据： {'name': '-_-业务池AutoAPI_BP1', 'description': '自动化脚本创建的业务池', 'limits_cpu': '2', 'limits_memory': '2', 'limits_networks': '2', 'limits_disk': '1000000000', 'limits_instances': '2', 'share_store': '27', 'restricted_containers_privilege': 'unprivileged', 'restricted_devices_nic': 'managed', 'restricted_containers_nesting': 'block', 'restricted_devices_disk': 'block', 'restricted_devices_gpu': 'block', 'restricted_devices_usb': 'block', 'restricted_devices_pci': 'block', 'restricted_devices_unix_block': 'block', 'restricted_backups': 'allow', 'backups_compression_algorithm': 'xz', 'restricted_snapshots': 'allow', 'restricted': 'true', 'single_storage_pool': 'false', 'restricted_containers_interception': 'block'}
2022-11-09 14:09:01,558 - root - INFO - *******返回数据： {'code': 1001, 'message': '请求参数错误', 'data': {'limits_disk': ['Ensure this value is less than or equal to 999999999.']}, 'level': 2}
2022-11-09 14:09:01,559 - root - INFO - *******测试案例名称： TestCase036_业务池管理-新建业务池-硬盘空间大于999999999 执行完毕********
2022-11-09 14:09:01,559 - root - INFO - ****************创建业务池接口结束****************
2022-11-09 14:09:01,560 - root - INFO - ****************结束接口测试********************
2022-11-09 14:09:01,561 - root - INFO - ****************开始接口测试********************
2022-11-09 14:09:01,561 - root - INFO - ****************创建业务池接口开始****************
2022-11-09 14:09:01,572 - root - INFO - *******测试案例名称： TestCase037_业务池管理-新建业务池-硬盘空间为汉字 执行开始********
2022-11-09 14:09:01,573 - root - INFO - *******测试数据： {'name': '-_-业务池AutoAPI_BP1', 'description': '自动化脚本创建的业务池', 'limits_cpu': '2', 'limits_memory': '汉字内存', 'limits_networks': '2', 'limits_disk': '20', 'limits_instances': '2', 'share_store': '28', 'restricted_containers_privilege': 'unprivileged', 'restricted_devices_nic': 'managed', 'restricted_containers_nesting': 'block', 'restricted_devices_disk': 'block', 'restricted_devices_gpu': 'block', 'restricted_devices_usb': 'block', 'restricted_devices_pci': 'block', 'restricted_devices_unix_block': 'block', 'restricted_backups': 'allow', 'backups_compression_algorithm': 'xz', 'restricted_snapshots': 'allow', 'restricted': 'true', 'single_storage_pool': 'false', 'restricted_containers_interception': 'block'}
2022-11-09 14:09:01,585 - root - INFO - *******返回数据： {'code': 1001, 'message': '请求参数错误', 'data': {'limits_memory': ['A valid integer is required.']}, 'level': 2}
2022-11-09 14:09:01,586 - root - INFO - *******测试案例名称： TestCase037_业务池管理-新建业务池-硬盘空间为汉字 执行完毕********
2022-11-09 14:09:01,586 - root - INFO - ****************创建业务池接口结束****************
2022-11-09 14:09:01,587 - root - INFO - ****************结束接口测试********************
2022-11-09 14:09:01,588 - root - INFO - ****************开始接口测试********************
2022-11-09 14:09:01,589 - root - INFO - ****************创建业务池接口开始****************
2022-11-09 14:09:01,589 - root - INFO - *******测试案例名称： TestCase038_业务池管理-新建业务池-硬盘空间为特殊字符 执行开始********
2022-11-09 14:09:01,590 - root - INFO - *******测试数据： {'name': '-_-业务池AutoAPI_BP1', 'description': '自动化脚本创建的业务池', 'limits_cpu': '2', 'limits_memory': '2', 'limits_networks': '2', 'limits_disk': '@￥#%￥%', 'limits_instances': '2', 'share_store': '29', 'restricted_containers_privilege': 'unprivileged', 'restricted_devices_nic': 'managed', 'restricted_containers_nesting': 'block', 'restricted_devices_disk': 'block', 'restricted_devices_gpu': 'block', 'restricted_devices_usb': 'block', 'restricted_devices_pci': 'block', 'restricted_devices_unix_block': 'block', 'restricted_backups': 'allow', 'backups_compression_algorithm': 'xz', 'restricted_snapshots': 'allow', 'restricted': 'true', 'single_storage_pool': 'false', 'restricted_containers_interception': 'block'}
2022-11-09 14:09:01,602 - root - INFO - *******返回数据： {'code': 1001, 'message': '请求参数错误', 'data': {'limits_disk': ['A valid integer is required.']}, 'level': 2}
2022-11-09 14:09:01,604 - root - INFO - *******测试案例名称： TestCase038_业务池管理-新建业务池-硬盘空间为特殊字符 执行完毕********
2022-11-09 14:09:01,605 - root - INFO - ****************创建业务池接口结束****************
2022-11-09 14:09:01,605 - root - INFO - ****************结束接口测试********************
2022-11-09 14:09:01,606 - root - INFO - ****************开始接口测试********************
2022-11-09 14:09:01,607 - root - INFO - ****************创建业务池接口开始****************
2022-11-09 14:09:01,607 - root - INFO - *******测试案例名称： TestCase039_业务池管理-新建业务池-硬盘空间为小数 执行开始********
2022-11-09 14:09:01,621 - root - INFO - *******测试数据： {'name': '-_-业务池AutoAPI_BP1', 'description': '自动化脚本创建的业务池', 'limits_cpu': '2', 'limits_memory': '2', 'limits_networks': '2', 'limits_disk': '20.36', 'limits_instances': '2', 'share_store': '30', 'restricted_containers_privilege': 'unprivileged', 'restricted_devices_nic': 'managed', 'restricted_containers_nesting': 'block', 'restricted_devices_disk': 'block', 'restricted_devices_gpu': 'block', 'restricted_devices_usb': 'block', 'restricted_devices_pci': 'block', 'restricted_devices_unix_block': 'block', 'restricted_backups': 'allow', 'backups_compression_algorithm': 'xz', 'restricted_snapshots': 'allow', 'restricted': 'true', 'single_storage_pool': 'false', 'restricted_containers_interception': 'block'}
2022-11-09 14:09:01,631 - root - INFO - *******返回数据： {'code': 1001, 'message': '请求参数错误', 'data': {'limits_disk': ['A valid integer is required.']}, 'level': 2}
2022-11-09 14:09:01,632 - root - INFO - *******测试案例名称： TestCase039_业务池管理-新建业务池-硬盘空间为小数 执行完毕********
2022-11-09 14:09:01,632 - root - INFO - ****************创建业务池接口结束****************
2022-11-09 14:09:01,633 - root - INFO - ****************结束接口测试********************
2022-11-09 14:09:01,635 - root - INFO - ****************开始接口测试********************
2022-11-09 14:09:01,636 - root - INFO - ****************创建业务池接口开始****************
2022-11-09 14:09:01,637 - root - INFO - *******测试案例名称： TestCase040_业务池管理-新建业务池-硬盘空间为负数 执行开始********
2022-11-09 14:09:01,637 - root - INFO - *******测试数据： {'name': '-_-业务池AutoAPI_BP1', 'description': '自动化脚本创建的业务池', 'limits_cpu': '2', 'limits_memory': '2', 'limits_networks': '2', 'limits_disk': '-20', 'limits_instances': '2', 'share_store': '31', 'restricted_containers_privilege': 'unprivileged', 'restricted_devices_nic': 'managed', 'restricted_containers_nesting': 'block', 'restricted_devices_disk': 'block', 'restricted_devices_gpu': 'block', 'restricted_devices_usb': 'block', 'restricted_devices_pci': 'block', 'restricted_devices_unix_block': 'block', 'restricted_backups': 'allow', 'backups_compression_algorithm': 'xz', 'restricted_snapshots': 'allow', 'restricted': 'true', 'single_storage_pool': 'false', 'restricted_containers_interception': 'block'}
2022-11-09 14:09:01,647 - root - INFO - *******返回数据： {'code': 1001, 'message': '请求参数错误', 'data': {'limits_disk': ['Ensure this value is greater than or equal to 1.']}, 'level': 2}
2022-11-09 14:09:01,648 - root - INFO - *******测试案例名称： TestCase040_业务池管理-新建业务池-硬盘空间为负数 执行完毕********
2022-11-09 14:09:01,651 - root - INFO - ****************创建业务池接口结束****************
2022-11-09 14:09:01,652 - root - INFO - ****************结束接口测试********************
2022-11-09 14:09:01,653 - root - INFO - ****************开始接口测试********************
2022-11-09 14:09:01,653 - root - INFO - ****************创建业务池接口开始****************
2022-11-09 14:09:01,654 - root - INFO - *******测试案例名称： TestCase041_业务池管理-新建业务池-共享空间为空 执行开始********
2022-11-09 14:09:01,654 - root - INFO - *******测试数据： {'name': '-_-业务池AutoAPI_BP1', 'description': '自动化脚本创建的业务池', 'limits_cpu': '2', 'limits_memory': '', 'limits_networks': '2', 'limits_disk': '20', 'limits_instances': '2', 'share_store': '', 'restricted_containers_privilege': 'unprivileged', 'restricted_devices_nic': 'managed', 'restricted_containers_nesting': 'block', 'restricted_devices_disk': 'block', 'restricted_devices_gpu': 'block', 'restricted_devices_usb': 'block', 'restricted_devices_pci': 'block', 'restricted_devices_unix_block': 'block', 'restricted_backups': 'allow', 'backups_compression_algorithm': 'xz', 'restricted_snapshots': 'allow', 'restricted': 'true', 'single_storage_pool': 'false', 'restricted_containers_interception': 'block'}
2022-11-09 14:09:01,678 - root - INFO - *******返回数据： {'code': 1001, 'message': '请求参数错误', 'data': {'limits_memory': ['A valid integer is required.'], 'share_store': ['A valid integer is required.']}, 'level': 2}
2022-11-09 14:09:01,678 - root - INFO - *******测试案例名称： TestCase041_业务池管理-新建业务池-共享空间为空 执行完毕********
2022-11-09 14:09:01,679 - root - INFO - ****************创建业务池接口结束****************
2022-11-09 14:09:01,679 - root - INFO - ****************结束接口测试********************
2022-11-09 14:09:01,680 - root - INFO - ****************开始接口测试********************
2022-11-09 14:09:01,681 - root - INFO - ****************创建业务池接口开始****************
2022-11-09 14:09:01,683 - root - INFO - *******测试案例名称： TestCase042_业务池管理-新建业务池-共享空间小于1 执行开始********
2022-11-09 14:09:01,684 - root - INFO - *******测试数据： {'name': '-_-业务池AutoAPI_BP1', 'description': '自动化脚本创建的业务池', 'limits_cpu': '2', 'limits_memory': '0', 'limits_networks': '2', 'limits_disk': '20', 'limits_instances': '2', 'share_store': '0', 'restricted_containers_privilege': 'unprivileged', 'restricted_devices_nic': 'managed', 'restricted_containers_nesting': 'block', 'restricted_devices_disk': 'block', 'restricted_devices_gpu': 'block', 'restricted_devices_usb': 'block', 'restricted_devices_pci': 'block', 'restricted_devices_unix_block': 'block', 'restricted_backups': 'allow', 'backups_compression_algorithm': 'xz', 'restricted_snapshots': 'allow', 'restricted': 'true', 'single_storage_pool': 'false', 'restricted_containers_interception': 'block'}
2022-11-09 14:09:01,695 - root - INFO - *******返回数据： {'code': 1001, 'message': '请求参数错误', 'data': {'limits_memory': ['Ensure this value is greater than or equal to 1.'], 'share_store': ['Ensure this value is greater than or equal to 1.']}, 'level': 2}
2022-11-09 14:09:01,695 - root - INFO - *******测试案例名称： TestCase042_业务池管理-新建业务池-共享空间小于1 执行完毕********
2022-11-09 14:09:01,696 - root - INFO - ****************创建业务池接口结束****************
2022-11-09 14:09:01,697 - root - INFO - ****************结束接口测试********************
2022-11-09 14:09:01,700 - root - INFO - ****************开始接口测试********************
2022-11-09 14:09:01,700 - root - INFO - ****************创建业务池接口开始****************
2022-11-09 14:09:01,701 - root - INFO - *******测试案例名称： TestCase043_业务池管理-新建业务池-共享空间大于999999999 执行开始********
2022-11-09 14:09:01,702 - root - INFO - *******测试数据： {'name': '-_-业务池AutoAPI_BP1', 'description': '自动化脚本创建的业务池', 'limits_cpu': '2', 'limits_memory': '2', 'limits_networks': '2', 'limits_disk': '20', 'limits_instances': '2', 'share_store': '1000000000', 'restricted_containers_privilege': 'unprivileged', 'restricted_devices_nic': 'managed', 'restricted_containers_nesting': 'block', 'restricted_devices_disk': 'block', 'restricted_devices_gpu': 'block', 'restricted_devices_usb': 'block', 'restricted_devices_pci': 'block', 'restricted_devices_unix_block': 'block', 'restricted_backups': 'allow', 'backups_compression_algorithm': 'xz', 'restricted_snapshots': 'allow', 'restricted': 'true', 'single_storage_pool': 'false', 'restricted_containers_interception': 'block'}
2022-11-09 14:09:01,713 - root - INFO - *******返回数据： {'code': 1001, 'message': '请求参数错误', 'data': {'share_store': ['Ensure this value is less than or equal to 999999999.']}, 'level': 2}
2022-11-09 14:09:01,714 - root - INFO - *******测试案例名称： TestCase043_业务池管理-新建业务池-共享空间大于999999999 执行完毕********
2022-11-09 14:09:01,715 - root - INFO - ****************创建业务池接口结束****************
2022-11-09 14:09:01,715 - root - INFO - ****************结束接口测试********************
2022-11-09 14:09:01,716 - root - INFO - ****************开始接口测试********************
2022-11-09 14:09:01,717 - root - INFO - ****************创建业务池接口开始****************
2022-11-09 14:09:01,717 - root - INFO - *******测试案例名称： TestCase044_业务池管理-新建业务池-共享空间为汉字 执行开始********
2022-11-09 14:09:01,731 - root - INFO - *******测试数据： {'name': '-_-业务池AutoAPI_BP1', 'description': '自动化脚本创建的业务池', 'limits_cpu': '2', 'limits_memory': '2', 'limits_networks': '2', 'limits_disk': '20', 'limits_instances': '2', 'share_store': '汉字共享空间', 'restricted_containers_privilege': 'unprivileged', 'restricted_devices_nic': 'managed', 'restricted_containers_nesting': 'block', 'restricted_devices_disk': 'block', 'restricted_devices_gpu': 'block', 'restricted_devices_usb': 'block', 'restricted_devices_pci': 'block', 'restricted_devices_unix_block': 'block', 'restricted_backups': 'allow', 'backups_compression_algorithm': 'xz', 'restricted_snapshots': 'allow', 'restricted': 'true', 'single_storage_pool': 'false', 'restricted_containers_interception': 'block'}
2022-11-09 14:09:01,742 - root - INFO - *******返回数据： {'code': 1001, 'message': '请求参数错误', 'data': {'share_store': ['A valid integer is required.']}, 'level': 2}
2022-11-09 14:09:01,742 - root - INFO - *******测试案例名称： TestCase044_业务池管理-新建业务池-共享空间为汉字 执行完毕********
2022-11-09 14:09:01,743 - root - INFO - ****************创建业务池接口结束****************
2022-11-09 14:09:01,743 - root - INFO - ****************结束接口测试********************
2022-11-09 14:09:01,746 - root - INFO - ****************开始接口测试********************
2022-11-09 14:09:01,747 - root - INFO - ****************创建业务池接口开始****************
2022-11-09 14:09:01,747 - root - INFO - *******测试案例名称： TestCase045_业务池管理-新建业务池-共享空间为特殊字符 执行开始********
2022-11-09 14:09:01,748 - root - INFO - *******测试数据： {'name': '-_-业务池AutoAPI_BP1', 'description': '自动化脚本创建的业务池', 'limits_cpu': '2', 'limits_memory': '2', 'limits_networks': '2', 'limits_disk': '20', 'limits_instances': '2', 'share_store': '@￥#%￥%', 'restricted_containers_privilege': 'unprivileged', 'restricted_devices_nic': 'managed', 'restricted_containers_nesting': 'block', 'restricted_devices_disk': 'block', 'restricted_devices_gpu': 'block', 'restricted_devices_usb': 'block', 'restricted_devices_pci': 'block', 'restricted_devices_unix_block': 'block', 'restricted_backups': 'allow', 'backups_compression_algorithm': 'xz', 'restricted_snapshots': 'allow', 'restricted': 'true', 'single_storage_pool': 'false', 'restricted_containers_interception': 'block'}
2022-11-09 14:09:01,759 - root - INFO - *******返回数据： {'code': 1001, 'message': '请求参数错误', 'data': {'share_store': ['A valid integer is required.']}, 'level': 2}
2022-11-09 14:09:01,760 - root - INFO - *******测试案例名称： TestCase045_业务池管理-新建业务池-共享空间为特殊字符 执行完毕********
2022-11-09 14:09:01,761 - root - INFO - ****************创建业务池接口结束****************
2022-11-09 14:09:01,762 - root - INFO - ****************结束接口测试********************
2022-11-09 14:09:01,763 - root - INFO - ****************开始接口测试********************
2022-11-09 14:09:01,764 - root - INFO - ****************创建业务池接口开始****************
2022-11-09 14:09:01,764 - root - INFO - *******测试案例名称： TestCase046_业务池管理-新建业务池-共享空间为小数 执行开始********
2022-11-09 14:09:01,765 - root - INFO - *******测试数据： {'name': '-_-业务池AutoAPI_BP1', 'description': '自动化脚本创建的业务池', 'limits_cpu': '2', 'limits_memory': '2', 'limits_networks': '2', 'limits_disk': '20', 'limits_instances': '2', 'share_store': '30.12', 'restricted_containers_privilege': 'unprivileged', 'restricted_devices_nic': 'managed', 'restricted_containers_nesting': 'block', 'restricted_devices_disk': 'block', 'restricted_devices_gpu': 'block', 'restricted_devices_usb': 'block', 'restricted_devices_pci': 'block', 'restricted_devices_unix_block': 'block', 'restricted_backups': 'allow', 'backups_compression_algorithm': 'xz', 'restricted_snapshots': 'allow', 'restricted': 'true', 'single_storage_pool': 'false', 'restricted_containers_interception': 'block'}
2022-11-09 14:09:01,789 - root - INFO - *******返回数据： {'code': 1001, 'message': '请求参数错误', 'data': {'share_store': ['A valid integer is required.']}, 'level': 2}
2022-11-09 14:09:01,790 - root - INFO - *******测试案例名称： TestCase046_业务池管理-新建业务池-共享空间为小数 执行完毕********
2022-11-09 14:09:01,791 - root - INFO - ****************创建业务池接口结束****************
2022-11-09 14:09:01,791 - root - INFO - ****************结束接口测试********************
2022-11-09 14:09:01,792 - root - INFO - ****************开始接口测试********************
2022-11-09 14:09:01,792 - root - INFO - ****************创建业务池接口开始****************
2022-11-09 14:09:01,793 - root - INFO - *******测试案例名称： TestCase047_业务池管理-新建业务池-共享空间为负数 执行开始********
2022-11-09 14:09:01,794 - root - INFO - *******测试数据： {'name': '-_-业务池AutoAPI_BP1', 'description': '自动化脚本创建的业务池', 'limits_cpu': '2', 'limits_memory': '2', 'limits_networks': '2', 'limits_disk': '20', 'limits_instances': '2', 'share_store': '-31', 'restricted_containers_privilege': 'unprivileged', 'restricted_devices_nic': 'managed', 'restricted_containers_nesting': 'block', 'restricted_devices_disk': 'block', 'restricted_devices_gpu': 'block', 'restricted_devices_usb': 'block', 'restricted_devices_pci': 'block', 'restricted_devices_unix_block': 'block', 'restricted_backups': 'allow', 'backups_compression_algorithm': 'xz', 'restricted_snapshots': 'allow', 'restricted': 'true', 'single_storage_pool': 'false', 'restricted_containers_interception': 'block'}
2022-11-09 14:09:01,805 - root - INFO - *******返回数据： {'code': 1001, 'message': '请求参数错误', 'data': {'share_store': ['Ensure this value is greater than or equal to 1.']}, 'level': 2}
2022-11-09 14:09:01,805 - root - INFO - *******测试案例名称： TestCase047_业务池管理-新建业务池-共享空间为负数 执行完毕********
2022-11-09 14:09:01,806 - root - INFO - ****************创建业务池接口结束****************
2022-11-09 14:09:01,806 - root - INFO - ****************结束接口测试********************
2022-11-09 14:09:01,809 - root - INFO - ****************结束接口类测试******************
