2022-11-09 14:01:17,710 - root - INFO - ****************开始接口类测试******************
2022-11-09 14:01:17,713 - root - INFO - ****************开始接口测试********************
2022-11-09 14:01:17,713 - root - INFO - ****************创建规格接口开始****************
2022-11-09 14:01:17,714 - root - INFO - *******测试案例名称： TestCase001_规格管理-新建规格-缺少token 执行开始********
2022-11-09 14:01:17,715 - root - INFO - *******测试数据： {'name': 'flavor_name_rand_263', 'cpu': '1', 'memory': '1'}
2022-11-09 14:01:17,722 - root - INFO - *******返回数据： {'code': 1005, 'message': '缺少认证信息', 'data': None, 'level': 3}
2022-11-09 14:01:17,723 - root - INFO - *******测试案例名称： TestCase001_规格管理-新建规格-缺少token 执行完毕********
2022-11-09 14:01:17,724 - root - INFO - ****************创建规格接口结束****************
2022-11-09 14:01:17,728 - root - INFO - ****************结束接口测试********************
2022-11-09 14:01:17,729 - root - INFO - ****************开始接口测试********************
2022-11-09 14:01:17,730 - root - INFO - ****************创建规格接口开始****************
2022-11-09 14:01:17,730 - root - INFO - *******测试案例名称： TestCase002_规格管理-新建规格-成功 执行开始********
2022-11-09 14:01:17,731 - root - INFO - *******测试数据： {'name': '规格flavor-1_1_rand_683', 'cpu': '1', 'memory': '1'}
2022-11-09 14:01:17,749 - root - INFO - *******返回数据： {'code': 0, 'message': 'success', 'data': {'id': 'b58337e0-c4b6-4fd4-adf1-7fd70c5a2b20', 'created_at': '2022-11-09T14:01:18.376607+08:00', 'updated_at': '2022-11-09T14:01:18.376673+08:00', 'name': '规格flavor-1_1_rand_683', 'cpu': 1, 'memory': 1, 'is_public': True, 'user_id': 1}}
2022-11-09 14:01:17,749 - root - INFO - *******测试案例名称： TestCase002_规格管理-新建规格-成功 执行完毕********
2022-11-09 14:01:17,750 - root - INFO - ****************创建规格接口结束****************
2022-11-09 14:01:17,750 - root - INFO - ****************结束接口测试********************
2022-11-09 14:01:17,751 - root - INFO - ****************开始接口测试********************
2022-11-09 14:01:17,752 - root - INFO - ****************创建规格接口开始****************
2022-11-09 14:01:17,752 - root - INFO - *******测试案例名称： TestCase003_规格管理-新建规格-重名 执行开始********
2022-11-09 14:01:17,779 - root - INFO - the sql is : select * from sys_flavor order by created_at desc limit 1;
2022-11-09 14:01:17,780 - root - INFO - the params is : ()
2022-11-09 14:01:17,781 - root - INFO - the result data is :{'id': 'b58337e0c4b64fd4adf17fd70c5a2b20', 'name': '规格flavor-1_1_rand_683', 'cpu': 1, 'memory': 1, 'is_public': 1, 'user_id': 1, 'created_at': datetime.datetime(2022, 11, 9, 6, 1, 18), 'updated_at': datetime.datetime(2022, 11, 9, 6, 1, 18)}
2022-11-09 14:01:17,782 - root - INFO - *******测试数据： {'name': '规格flavor-1_1_rand_683', 'cpu': '1', 'memory': '1'}
2022-11-09 14:01:17,794 - root - INFO - *******返回数据： {'code': 218000, 'message': '规格名称"规格flavor-1_1_rand_683"已存在，请重新输入', 'data': None, 'level': 2}
2022-11-09 14:01:17,794 - root - INFO - *******测试案例名称： TestCase003_规格管理-新建规格-重名 执行完毕********
2022-11-09 14:01:17,795 - root - INFO - ****************创建规格接口结束****************
2022-11-09 14:01:17,795 - root - INFO - ****************结束接口测试********************
2022-11-09 14:01:17,796 - root - INFO - ****************开始接口测试********************
2022-11-09 14:01:17,797 - root - INFO - ****************创建规格接口开始****************
2022-11-09 14:01:17,797 - root - INFO - *******测试案例名称： TestCase004_规格管理-新建规格-名称为空 执行开始********
2022-11-09 14:01:17,807 - root - INFO - *******测试数据： {'name': '', 'cpu': '1', 'memory': '1'}
2022-11-09 14:01:17,822 - root - INFO - *******返回数据： {'code': 1001, 'message': ['This field may not be blank.'], 'data': None, 'level': 2}
2022-11-09 14:01:17,823 - root - INFO - *******测试案例名称： TestCase004_规格管理-新建规格-名称为空 执行完毕********
2022-11-09 14:01:17,824 - root - INFO - ****************创建规格接口结束****************
2022-11-09 14:01:17,825 - root - INFO - ****************结束接口测试********************
2022-11-09 14:01:17,825 - root - INFO - ****************开始接口测试********************
2022-11-09 14:01:17,826 - root - INFO - ****************创建规格接口开始****************
2022-11-09 14:01:17,826 - root - INFO - *******测试案例名称： TestCase005_规格管理-新建规格-名称大于32个字符 执行开始********
2022-11-09 14:01:17,827 - root - INFO - *******测试数据： {'name': 'flavorNameIsOver32CharsflavorNameIsOver32CharsflavorNameIsOver32CharsflavorNameIsOver32CharsflavorNameIsOver32CharsflavorNameIsOver32Chars', 'cpu': '1', 'memory': '1'}
2022-11-09 14:01:17,853 - root - INFO - *******返回数据： {'code': 1001, 'message': ['名称超过最大长度32个字符'], 'data': None, 'level': 2}
2022-11-09 14:01:17,853 - root - INFO - *******测试案例名称： TestCase005_规格管理-新建规格-名称大于32个字符 执行完毕********
2022-11-09 14:01:17,854 - root - INFO - ****************创建规格接口结束****************
2022-11-09 14:01:17,854 - root - INFO - ****************结束接口测试********************
2022-11-09 14:01:17,855 - root - INFO - ****************开始接口测试********************
2022-11-09 14:01:17,856 - root - INFO - ****************创建规格接口开始****************
2022-11-09 14:01:17,857 - root - INFO - *******测试案例名称： TestCase006_规格管理-新建规格-CPU为空 执行开始********
2022-11-09 14:01:17,857 - root - INFO - *******测试数据： {'name': 'flavorCPUIsNull', 'cpu': '', 'memory': '1'}
2022-11-09 14:01:17,871 - root - INFO - *******返回数据： {'code': 1001, 'message': ['A valid integer is required.'], 'data': None, 'level': 2}
2022-11-09 14:01:17,872 - root - INFO - *******测试案例名称： TestCase006_规格管理-新建规格-CPU为空 执行完毕********
2022-11-09 14:01:17,872 - root - INFO - ****************创建规格接口结束****************
2022-11-09 14:01:17,873 - root - INFO - ****************结束接口测试********************
2022-11-09 14:01:17,874 - root - INFO - ****************开始接口测试********************
2022-11-09 14:01:17,875 - root - INFO - ****************创建规格接口开始****************
2022-11-09 14:01:17,875 - root - INFO - *******测试案例名称： TestCase007_规格管理-新建规格-CPU小于1 执行开始********
2022-11-09 14:01:17,885 - root - INFO - *******测试数据： {'name': 'flavorCPUIs0', 'cpu': '0', 'memory': '1'}
2022-11-09 14:01:17,899 - root - INFO - *******返回数据： {'code': 1001, 'message': ['cpu最少1核'], 'data': None, 'level': 2}
2022-11-09 14:01:17,900 - root - INFO - *******测试案例名称： TestCase007_规格管理-新建规格-CPU小于1 执行完毕********
2022-11-09 14:01:17,900 - root - INFO - ****************创建规格接口结束****************
2022-11-09 14:01:17,901 - root - INFO - ****************结束接口测试********************
2022-11-09 14:01:17,901 - root - INFO - ****************开始接口测试********************
2022-11-09 14:01:17,902 - root - INFO - ****************创建规格接口开始****************
2022-11-09 14:01:17,903 - root - INFO - *******测试案例名称： TestCase008_规格管理-新建规格-CPU大于256 执行开始********
2022-11-09 14:01:17,903 - root - INFO - *******测试数据： {'name': 'flavorCPUIsOver256', 'cpu': '257', 'memory': '1'}
2022-11-09 14:01:17,916 - root - INFO - *******返回数据： {'code': 1001, 'message': ['cpu最多256核'], 'data': None, 'level': 2}
2022-11-09 14:01:17,917 - root - INFO - *******测试案例名称： TestCase008_规格管理-新建规格-CPU大于256 执行完毕********
2022-11-09 14:01:17,917 - root - INFO - ****************创建规格接口结束****************
2022-11-09 14:01:17,918 - root - INFO - ****************结束接口测试********************
2022-11-09 14:01:17,919 - root - INFO - ****************开始接口测试********************
2022-11-09 14:01:17,919 - root - INFO - ****************创建规格接口开始****************
2022-11-09 14:01:17,920 - root - INFO - *******测试案例名称： TestCase009_规格管理-新建规格-CPU为汉字 执行开始********
2022-11-09 14:01:17,931 - root - INFO - *******测试数据： {'name': 'flavorCPUIsCNchar', 'cpu': '汉字', 'memory': '1'}
2022-11-09 14:01:17,946 - root - INFO - *******返回数据： {'code': 1001, 'message': ['A valid integer is required.'], 'data': None, 'level': 2}
2022-11-09 14:01:17,947 - root - INFO - *******测试案例名称： TestCase009_规格管理-新建规格-CPU为汉字 执行完毕********
2022-11-09 14:01:17,948 - root - INFO - ****************创建规格接口结束****************
2022-11-09 14:01:17,949 - root - INFO - ****************结束接口测试********************
2022-11-09 14:01:17,950 - root - INFO - ****************开始接口测试********************
2022-11-09 14:01:17,950 - root - INFO - ****************创建规格接口开始****************
2022-11-09 14:01:17,951 - root - INFO - *******测试案例名称： TestCase010_规格管理-新建规格-CPU为特殊字符 执行开始********
2022-11-09 14:01:17,951 - root - INFO - *******测试数据： {'name': 'flavorCPUIsSpechar', 'cpu': '@#￥', 'memory': '1'}
2022-11-09 14:01:17,967 - root - INFO - *******返回数据： {'code': 1001, 'message': ['A valid integer is required.'], 'data': None, 'level': 2}
2022-11-09 14:01:17,967 - root - INFO - *******测试案例名称： TestCase010_规格管理-新建规格-CPU为特殊字符 执行完毕********
2022-11-09 14:01:17,968 - root - INFO - ****************创建规格接口结束****************
2022-11-09 14:01:17,968 - root - INFO - ****************结束接口测试********************
2022-11-09 14:01:17,969 - root - INFO - ****************开始接口测试********************
2022-11-09 14:01:17,970 - root - INFO - ****************创建规格接口开始****************
2022-11-09 14:01:17,970 - root - INFO - *******测试案例名称： TestCase011_规格管理-新建规格-CPU为小数 执行开始********
2022-11-09 14:01:17,978 - root - INFO - *******测试数据： {'name': 'flavorCPUIsFloat', 'cpu': '12.3', 'memory': '1'}
2022-11-09 14:01:17,993 - root - INFO - *******返回数据： {'code': 1001, 'message': ['A valid integer is required.'], 'data': None, 'level': 2}
2022-11-09 14:01:17,993 - root - INFO - *******测试案例名称： TestCase011_规格管理-新建规格-CPU为小数 执行完毕********
2022-11-09 14:01:17,994 - root - INFO - ****************创建规格接口结束****************
2022-11-09 14:01:17,995 - root - INFO - ****************结束接口测试********************
2022-11-09 14:01:17,996 - root - INFO - ****************开始接口测试********************
2022-11-09 14:01:17,996 - root - INFO - ****************创建规格接口开始****************
2022-11-09 14:01:17,997 - root - INFO - *******测试案例名称： TestCase012_规格管理-新建规格-CPU为负数 执行开始********
2022-11-09 14:01:17,997 - root - INFO - *******测试数据： {'name': 'flavorCPUIsLessThan0', 'cpu': '-5', 'memory': '1'}
2022-11-09 14:01:18,010 - root - INFO - *******返回数据： {'code': 1001, 'message': ['cpu最少1核'], 'data': None, 'level': 2}
2022-11-09 14:01:18,011 - root - INFO - *******测试案例名称： TestCase012_规格管理-新建规格-CPU为负数 执行完毕********
2022-11-09 14:01:18,011 - root - INFO - ****************创建规格接口结束****************
2022-11-09 14:01:18,012 - root - INFO - ****************结束接口测试********************
2022-11-09 14:01:18,013 - root - INFO - ****************开始接口测试********************
2022-11-09 14:01:18,013 - root - INFO - ****************创建规格接口开始****************
2022-11-09 14:01:18,014 - root - INFO - *******测试案例名称： TestCase013_规格管理-新建规格-内存为空 执行开始********
2022-11-09 14:01:18,026 - root - INFO - *******测试数据： {'name': 'flavorMemIsNull', 'cpu': '1', 'memory': ''}
2022-11-09 14:01:18,040 - root - INFO - *******返回数据： {'code': 1001, 'message': ['A valid integer is required.'], 'data': None, 'level': 2}
2022-11-09 14:01:18,041 - root - INFO - *******测试案例名称： TestCase013_规格管理-新建规格-内存为空 执行完毕********
2022-11-09 14:01:18,041 - root - INFO - ****************创建规格接口结束****************
2022-11-09 14:01:18,042 - root - INFO - ****************结束接口测试********************
2022-11-09 14:01:18,043 - root - INFO - ****************开始接口测试********************
2022-11-09 14:01:18,043 - root - INFO - ****************创建规格接口开始****************
2022-11-09 14:01:18,044 - root - INFO - *******测试案例名称： TestCase014_规格管理-新建规格-内存小于1 执行开始********
2022-11-09 14:01:18,055 - root - INFO - *******测试数据： {'name': 'flavorMemIs0', 'cpu': '1', 'memory': '0'}
2022-11-09 14:01:18,069 - root - INFO - *******返回数据： {'code': 1001, 'message': ['内存最小1GB'], 'data': None, 'level': 2}
2022-11-09 14:01:18,069 - root - INFO - *******测试案例名称： TestCase014_规格管理-新建规格-内存小于1 执行完毕********
2022-11-09 14:01:18,070 - root - INFO - ****************创建规格接口结束****************
2022-11-09 14:01:18,070 - root - INFO - ****************结束接口测试********************
2022-11-09 14:01:18,071 - root - INFO - ****************开始接口测试********************
2022-11-09 14:01:18,072 - root - INFO - ****************创建规格接口开始****************
2022-11-09 14:01:18,072 - root - INFO - *******测试案例名称： TestCase015_规格管理-新建规格-内存大于4096 执行开始********
2022-11-09 14:01:18,073 - root - INFO - *******测试数据： {'name': 'flavorMemIsOver4096', 'Mem': '1', 'memory': '4097'}
2022-11-09 14:01:18,087 - root - INFO - *******返回数据： {'code': 1001, 'message': ['This field is required.', '内存最大4096GB'], 'data': None, 'level': 2}
2022-11-09 14:01:18,088 - root - INFO - *******测试案例名称： TestCase015_规格管理-新建规格-内存大于4096 执行完毕********
2022-11-09 14:01:18,088 - root - INFO - ****************创建规格接口结束****************
2022-11-09 14:01:18,089 - root - INFO - ****************结束接口测试********************
2022-11-09 14:01:18,090 - root - INFO - ****************开始接口测试********************
2022-11-09 14:01:18,091 - root - INFO - ****************创建规格接口开始****************
2022-11-09 14:01:18,091 - root - INFO - *******测试案例名称： TestCase016_规格管理-新建规格-内存为汉字 执行开始********
2022-11-09 14:01:18,101 - root - INFO - *******测试数据： {'name': 'flavorMemIsCNchar', 'Mem': '1', 'memory': '汉字'}
2022-11-09 14:01:18,115 - root - INFO - *******返回数据： {'code': 1001, 'message': ['This field is required.', 'A valid integer is required.'], 'data': None, 'level': 2}
2022-11-09 14:01:18,116 - root - INFO - *******测试案例名称： TestCase016_规格管理-新建规格-内存为汉字 执行完毕********
2022-11-09 14:01:18,116 - root - INFO - ****************创建规格接口结束****************
2022-11-09 14:01:18,117 - root - INFO - ****************结束接口测试********************
2022-11-09 14:01:18,118 - root - INFO - ****************开始接口测试********************
2022-11-09 14:01:18,118 - root - INFO - ****************创建规格接口开始****************
2022-11-09 14:01:18,119 - root - INFO - *******测试案例名称： TestCase017_规格管理-新建规格-内存为特殊字符 执行开始********
2022-11-09 14:01:18,119 - root - INFO - *******测试数据： {'name': 'flavorMemIsSpechar', 'Mem': '1', 'memory': '@#￥'}
2022-11-09 14:01:18,133 - root - INFO - *******返回数据： {'code': 1001, 'message': ['This field is required.', 'A valid integer is required.'], 'data': None, 'level': 2}
2022-11-09 14:01:18,134 - root - INFO - *******测试案例名称： TestCase017_规格管理-新建规格-内存为特殊字符 执行完毕********
2022-11-09 14:01:18,135 - root - INFO - ****************创建规格接口结束****************
2022-11-09 14:01:18,136 - root - INFO - ****************结束接口测试********************
2022-11-09 14:01:18,136 - root - INFO - ****************开始接口测试********************
2022-11-09 14:01:18,137 - root - INFO - ****************创建规格接口开始****************
2022-11-09 14:01:18,137 - root - INFO - *******测试案例名称： TestCase018_规格管理-新建规格-内存为小数 执行开始********
2022-11-09 14:01:18,149 - root - INFO - *******测试数据： {'name': 'flavorMemIsFloat', 'Mem': '1', 'memory': '12.3'}
2022-11-09 14:01:18,163 - root - INFO - *******返回数据： {'code': 1001, 'message': ['This field is required.', 'A valid integer is required.'], 'data': None, 'level': 2}
2022-11-09 14:01:18,163 - root - INFO - *******测试案例名称： TestCase018_规格管理-新建规格-内存为小数 执行完毕********
2022-11-09 14:01:18,164 - root - INFO - ****************创建规格接口结束****************
2022-11-09 14:01:18,165 - root - INFO - ****************结束接口测试********************
2022-11-09 14:01:18,166 - root - INFO - ****************开始接口测试********************
2022-11-09 14:01:18,166 - root - INFO - ****************创建规格接口开始****************
2022-11-09 14:01:18,167 - root - INFO - *******测试案例名称： TestCase019_规格管理-新建规格-内存为负数 执行开始********
2022-11-09 14:01:18,167 - root - INFO - *******测试数据： {'name': 'flavorMemIsLessThan0', 'Mem': '1', 'memory': '-5'}
2022-11-09 14:01:18,181 - root - INFO - *******返回数据： {'code': 1001, 'message': ['This field is required.', '内存最小1GB'], 'data': None, 'level': 2}
2022-11-09 14:01:18,182 - root - INFO - *******测试案例名称： TestCase019_规格管理-新建规格-内存为负数 执行完毕********
2022-11-09 14:01:18,182 - root - INFO - ****************创建规格接口结束****************
2022-11-09 14:01:18,183 - root - INFO - ****************结束接口测试********************
2022-11-09 14:01:18,183 - root - INFO - ****************结束接口类测试******************
